{"/home/travis/build/npmtest/node-npmtest-grunt-aws/test.js":{"path":"/home/travis/build/npmtest/node-npmtest-grunt-aws/test.js","s":{"1":2,"2":2,"3":2,"4":2,"5":2,"6":2,"7":2,"8":1,"9":2,"10":2,"11":1,"12":1,"13":1,"14":1,"15":2,"16":2,"17":2,"18":2,"19":1,"20":1,"21":2,"22":2,"23":2,"24":1,"25":1,"26":1,"27":1,"28":1,"29":1,"30":1,"31":1,"32":1,"33":1,"34":1,"35":1,"36":1,"37":1,"38":1,"39":2,"40":2,"41":1,"42":2,"43":2,"44":1,"45":2,"46":2,"47":1,"48":2,"49":2,"50":1,"51":1,"52":1,"53":1,"54":1},"b":{"1":[2,1,1,1],"2":[1,1,1,1],"3":[1,1],"4":[1,1],"5":[1,1],"6":[1,1],"7":[1,1],"8":[1,1],"9":[1,1],"10":[1,1,1],"11":[1,1],"12":[1,1],"13":[1,1],"14":[1,1],"15":[1,1],"16":[1,1],"17":[1,1]},"f":{"1":2,"2":2,"3":2,"4":2,"5":2,"6":1,"7":1,"8":1,"9":2,"10":2,"11":2,"12":2,"13":1},"fnMap":{"1":{"name":"(anonymous_1)","line":12,"loc":{"start":{"line":12,"column":1},"end":{"line":12,"column":13}}},"2":{"name":"(anonymous_2)","line":19,"loc":{"start":{"line":19,"column":5},"end":{"line":19,"column":17}}},"3":{"name":"(anonymous_3)","line":23,"loc":{"start":{"line":23,"column":24},"end":{"line":23,"column":36}}},"4":{"name":"(anonymous_4)","line":61,"loc":{"start":{"line":61,"column":5},"end":{"line":61,"column":17}}},"5":{"name":"(anonymous_5)","line":82,"loc":{"start":{"line":82,"column":5},"end":{"line":82,"column":17}}},"6":{"name":"(anonymous_6)","line":91,"loc":{"start":{"line":91,"column":77},"end":{"line":94,"column":10}}},"7":{"name":"(anonymous_7)","line":112,"loc":{"start":{"line":112,"column":83},"end":{"line":115,"column":10}},"skip":true},"8":{"name":"(anonymous_8)","line":123,"loc":{"start":{"line":123,"column":77},"end":{"line":126,"column":10}},"skip":true},"9":{"name":"(anonymous_9)","line":139,"loc":{"start":{"line":139,"column":12},"end":{"line":139,"column":40}},"skip":true},"10":{"name":"(anonymous_10)","line":147,"loc":{"start":{"line":147,"column":77},"end":{"line":150,"column":10}},"skip":true},"11":{"name":"(anonymous_11)","line":158,"loc":{"start":{"line":158,"column":83},"end":{"line":161,"column":10}},"skip":true},"12":{"name":"(anonymous_12)","line":169,"loc":{"start":{"line":169,"column":79},"end":{"line":172,"column":10}},"skip":true},"13":{"name":"(anonymous_13)","line":180,"loc":{"start":{"line":180,"column":75},"end":{"line":183,"column":10}},"skip":true}},"statementMap":{"1":{"start":{"line":12,"column":0},"end":{"line":195,"column":5}},"2":{"start":{"line":14,"column":4},"end":{"line":14,"column":14}},"3":{"start":{"line":19,"column":4},"end":{"line":56,"column":9}},"4":{"start":{"line":21,"column":8},"end":{"line":21,"column":19}},"5":{"start":{"line":23,"column":8},"end":{"line":35,"column":13}},"6":{"start":{"line":24,"column":12},"end":{"line":34,"column":13}},"7":{"start":{"line":25,"column":16},"end":{"line":28,"column":30}},"8":{"start":{"line":30,"column":16},"end":{"line":33,"column":27}},"9":{"start":{"line":37,"column":8},"end":{"line":39,"column":21}},"10":{"start":{"line":40,"column":8},"end":{"line":53,"column":9}},"11":{"start":{"line":43,"column":12},"end":{"line":46,"column":14}},"12":{"start":{"line":47,"column":12},"end":{"line":47,"column":18}},"13":{"start":{"line":50,"column":12},"end":{"line":51,"column":46}},"14":{"start":{"line":52,"column":12},"end":{"line":52,"column":18}},"15":{"start":{"line":55,"column":8},"end":{"line":55,"column":35}},"16":{"start":{"line":61,"column":4},"end":{"line":63,"column":9}},"17":{"start":{"line":62,"column":8},"end":{"line":62,"column":15}},"18":{"start":{"line":64,"column":4},"end":{"line":77,"column":5}},"19":{"start":{"line":70,"column":8},"end":{"line":70,"column":14}},"20":{"start":{"line":76,"column":8},"end":{"line":76,"column":14}},"21":{"start":{"line":82,"column":4},"end":{"line":84,"column":9}},"22":{"start":{"line":83,"column":8},"end":{"line":83,"column":15}},"23":{"start":{"line":85,"column":4},"end":{"line":194,"column":5}},"24":{"start":{"line":91,"column":8},"end":{"line":99,"column":10}},"25":{"start":{"line":98,"column":12},"end":{"line":98,"column":35}},"26":{"start":{"line":102,"column":8},"end":{"line":104,"column":63}},"27":{"start":{"line":105,"column":8},"end":{"line":105,"column":14}},"28":{"start":{"line":112,"column":8},"end":{"line":121,"column":10},"skip":true},"29":{"start":{"line":119,"column":12},"end":{"line":119,"column":55},"skip":true},"30":{"start":{"line":120,"column":12},"end":{"line":120,"column":48},"skip":true},"31":{"start":{"line":123,"column":8},"end":{"line":136,"column":10},"skip":true},"32":{"start":{"line":130,"column":12},"end":{"line":130,"column":76},"skip":true},"33":{"start":{"line":131,"column":12},"end":{"line":131,"column":73},"skip":true},"34":{"start":{"line":132,"column":12},"end":{"line":132,"column":74},"skip":true},"35":{"start":{"line":133,"column":12},"end":{"line":133,"column":79},"skip":true},"36":{"start":{"line":134,"column":12},"end":{"line":134,"column":25},"skip":true},"37":{"start":{"line":135,"column":12},"end":{"line":135,"column":45},"skip":true},"38":{"start":{"line":138,"column":8},"end":{"line":145,"column":14},"skip":true},"39":{"start":{"line":143,"column":16},"end":{"line":143,"column":29},"skip":true},"40":{"start":{"line":144,"column":16},"end":{"line":144,"column":55},"skip":true},"41":{"start":{"line":147,"column":8},"end":{"line":156,"column":10},"skip":true},"42":{"start":{"line":154,"column":12},"end":{"line":154,"column":25},"skip":true},"43":{"start":{"line":155,"column":12},"end":{"line":155,"column":45},"skip":true},"44":{"start":{"line":158,"column":8},"end":{"line":167,"column":10},"skip":true},"45":{"start":{"line":165,"column":12},"end":{"line":165,"column":25},"skip":true},"46":{"start":{"line":166,"column":12},"end":{"line":166,"column":48},"skip":true},"47":{"start":{"line":169,"column":8},"end":{"line":178,"column":10},"skip":true},"48":{"start":{"line":176,"column":12},"end":{"line":176,"column":25},"skip":true},"49":{"start":{"line":177,"column":12},"end":{"line":177,"column":46},"skip":true},"50":{"start":{"line":180,"column":8},"end":{"line":189,"column":10},"skip":true},"51":{"start":{"line":187,"column":12},"end":{"line":187,"column":94},"skip":true},"52":{"start":{"line":188,"column":12},"end":{"line":188,"column":48},"skip":true},"53":{"start":{"line":192,"column":8},"end":{"line":192,"column":35},"skip":true},"54":{"start":{"line":193,"column":8},"end":{"line":193,"column":14},"skip":true}},"branchMap":{"1":{"line":25,"type":"binary-expr","locations":[{"start":{"line":25,"column":23},"end":{"line":25,"column":62}},{"start":{"line":26,"column":20},"end":{"line":26,"column":70}},{"start":{"line":27,"column":20},"end":{"line":27,"column":71}},{"start":{"line":28,"column":20},"end":{"line":28,"column":29}}]},"2":{"line":30,"type":"binary-expr","locations":[{"start":{"line":30,"column":23},"end":{"line":30,"column":37}},{"start":{"line":31,"column":20},"end":{"line":31,"column":61}},{"start":{"line":32,"column":20},"end":{"line":32,"column":70}},{"start":{"line":33,"column":20},"end":{"line":33,"column":26}}]},"3":{"line":37,"type":"cond-expr","locations":[{"start":{"line":38,"column":14},"end":{"line":38,"column":20}},{"start":{"line":39,"column":14},"end":{"line":39,"column":20}}]},"4":{"line":40,"type":"switch","locations":[{"start":{"line":42,"column":8},"end":{"line":47,"column":18}},{"start":{"line":49,"column":8},"end":{"line":52,"column":18}}]},"5":{"line":44,"type":"binary-expr","locations":[{"start":{"line":44,"column":16},"end":{"line":44,"column":44}},{"start":{"line":44,"column":48},"end":{"line":44,"column":66}}]},"6":{"line":50,"type":"binary-expr","locations":[{"start":{"line":50,"column":21},"end":{"line":50,"column":49}},{"start":{"line":50,"column":53},"end":{"line":50,"column":72}}]},"7":{"line":64,"type":"switch","locations":[{"start":{"line":69,"column":4},"end":{"line":70,"column":14}},{"start":{"line":75,"column":4},"end":{"line":76,"column":14}}]},"8":{"line":85,"type":"switch","locations":[{"start":{"line":90,"column":4},"end":{"line":105,"column":14}},{"start":{"line":111,"column":4},"end":{"line":193,"column":14},"skip":true}]},"9":{"line":91,"type":"binary-expr","locations":[{"start":{"line":91,"column":42},"end":{"line":91,"column":73}},{"start":{"line":91,"column":77},"end":{"line":99,"column":9}}]},"10":{"line":102,"type":"binary-expr","locations":[{"start":{"line":102,"column":18},"end":{"line":102,"column":32}},{"start":{"line":103,"column":12},"end":{"line":103,"column":53}},{"start":{"line":104,"column":12},"end":{"line":104,"column":61}}]},"11":{"line":112,"type":"binary-expr","locations":[{"start":{"line":112,"column":45},"end":{"line":112,"column":79},"skip":true},{"start":{"line":112,"column":83},"end":{"line":121,"column":9},"skip":true}]},"12":{"line":123,"type":"binary-expr","locations":[{"start":{"line":123,"column":42},"end":{"line":123,"column":73},"skip":true},{"start":{"line":123,"column":77},"end":{"line":136,"column":9},"skip":true}]},"13":{"line":138,"type":"binary-expr","locations":[{"start":{"line":138,"column":48},"end":{"line":138,"column":85},"skip":true},{"start":{"line":139,"column":12},"end":{"line":145,"column":13},"skip":true}]},"14":{"line":147,"type":"binary-expr","locations":[{"start":{"line":147,"column":42},"end":{"line":147,"column":73},"skip":true},{"start":{"line":147,"column":77},"end":{"line":156,"column":9},"skip":true}]},"15":{"line":158,"type":"binary-expr","locations":[{"start":{"line":158,"column":45},"end":{"line":158,"column":79},"skip":true},{"start":{"line":158,"column":83},"end":{"line":167,"column":9},"skip":true}]},"16":{"line":169,"type":"binary-expr","locations":[{"start":{"line":169,"column":43},"end":{"line":169,"column":75},"skip":true},{"start":{"line":169,"column":79},"end":{"line":178,"column":9},"skip":true}]},"17":{"line":180,"type":"binary-expr","locations":[{"start":{"line":180,"column":41},"end":{"line":180,"column":71},"skip":true},{"start":{"line":180,"column":75},"end":{"line":189,"column":9},"skip":true}]}},"code":["/* istanbul instrument in package npmtest_grunt_aws */","/*jslint","    bitwise: true,","    browser: true,","    maxerr: 8,","    maxlen: 96,","    node: true,","    nomen: true,","    regexp: true,","    stupid: true","*/","(function () {","    'use strict';","    var local;","","","","    // run shared js-env code - pre-init","    (function () {","        // init local","        local = {};","        // init modeJs","        local.modeJs = (function () {","            try {","                return typeof navigator.userAgent === 'string' &&","                    typeof document.querySelector('body') === 'object' &&","                    typeof XMLHttpRequest.prototype.open === 'function' &&","                    'browser';","            } catch (errorCaughtBrowser) {","                return module.exports &&","                    typeof process.versions.node === 'string' &&","                    typeof require('http').createServer === 'function' &&","                    'node';","            }","        }());","        // init global","        local.global = local.modeJs === 'browser'","            ? window","            : global;","        switch (local.modeJs) {","        // re-init local from window.local","        case 'browser':","            local = local.global.utility2.objectSetDefault(","                local.global.utility2_rollup || local.global.local,","                local.global.utility2","            );","            break;","        // re-init local from example.js","        case 'node':","            local = (local.global.utility2_rollup || require('utility2'))","                .requireExampleJsFromReadme();","            break;","        }","        // export local","        local.global.local = local;","    }());","","","","    // run shared js-env code - function","    (function () {","        return;","    }());","    switch (local.modeJs) {","","","","    // run browser js-env code - function","    case 'browser':","        break;","","","","    // run node js-env code - function","    case 'node':","        break;","    }","","","","    // run shared js-env code - post-init","    (function () {","        return;","    }());","    switch (local.modeJs) {","","","","    // run browser js-env code - post-init","    case 'browser':","        local.testCase_browser_nullCase = local.testCase_browser_nullCase || function (","            options,","            onError","        ) {","        /*","         * this function will test browsers's null-case handling-behavior-behavior","         */","            onError(null, options);","        };","","        // run tests","        local.nop(local.modeTest &&","            document.querySelector('#testRunButton1') &&","            document.querySelector('#testRunButton1').click());","        break;","","","","    // run node js-env code - post-init","    /* istanbul ignore next */","    case 'node':","        local.testCase_buildApidoc_default = local.testCase_buildApidoc_default || function (","            options,","            onError","        ) {","        /*","         * this function will test buildApidoc's default handling-behavior-behavior","         */","            options = { modulePathList: module.paths };","            local.buildApidoc(options, onError);","        };","","        local.testCase_buildApp_default = local.testCase_buildApp_default || function (","            options,","            onError","        ) {","        /*","         * this function will test buildApp's default handling-behavior-behavior","         */","            local.testCase_buildReadme_default(options, local.onErrorThrow);","            local.testCase_buildLib_default(options, local.onErrorThrow);","            local.testCase_buildTest_default(options, local.onErrorThrow);","            local.testCase_buildCustomOrg_default(options, local.onErrorThrow);","            options = [];","            local.buildApp(options, onError);","        };","","        local.testCase_buildCustomOrg_default = local.testCase_buildCustomOrg_default ||","            function (options, onError) {","            /*","             * this function will test buildCustomOrg's default handling-behavior","             */","                options = {};","                local.buildCustomOrg(options, onError);","            };","","        local.testCase_buildLib_default = local.testCase_buildLib_default || function (","            options,","            onError","        ) {","        /*","         * this function will test buildLib's default handling-behavior","         */","            options = {};","            local.buildLib(options, onError);","        };","","        local.testCase_buildReadme_default = local.testCase_buildReadme_default || function (","            options,","            onError","        ) {","        /*","         * this function will test buildReadme's default handling-behavior-behavior","         */","            options = {};","            local.buildReadme(options, onError);","        };","","        local.testCase_buildTest_default = local.testCase_buildTest_default || function (","            options,","            onError","        ) {","        /*","         * this function will test buildTest's default handling-behavior","         */","            options = {};","            local.buildTest(options, onError);","        };","","        local.testCase_webpage_default = local.testCase_webpage_default || function (","            options,","            onError","        ) {","        /*","         * this function will test webpage's default handling-behavior","         */","            options = { modeCoverageMerge: true, url: local.serverLocalHost + '?modeTest=1' };","            local.browserTest(options, onError);","        };","","        // run test-server","        local.testRunServer(local);","        break;","    }","}());",""],"l":{"12":2,"14":2,"19":2,"21":2,"23":2,"24":2,"25":2,"30":1,"37":2,"40":2,"43":1,"47":1,"50":1,"52":1,"55":2,"61":2,"62":2,"64":2,"70":1,"76":1,"82":2,"83":2,"85":2,"91":1,"98":1,"102":1,"105":1,"112":1,"119":1,"120":1,"123":1,"130":1,"131":1,"132":1,"133":1,"134":1,"135":1,"138":1,"143":2,"144":2,"147":1,"154":2,"155":2,"158":1,"165":2,"166":2,"169":1,"176":2,"177":2,"180":1,"187":1,"188":1,"192":1,"193":1}},"/home/travis/build/npmtest/node-npmtest-grunt-aws/lib.npmtest_grunt_aws.js":{"path":"/home/travis/build/npmtest/node-npmtest-grunt-aws/lib.npmtest_grunt_aws.js","s":{"1":2,"2":2,"3":2,"4":2,"5":2,"6":2,"7":2,"8":1,"9":2,"10":2,"11":2,"12":2,"13":1,"14":1,"15":1,"16":1},"b":{"1":[2,1,1,1],"2":[1,1,1,1],"3":[1,1],"4":[2,2],"5":[1,1]},"f":{"1":2,"2":2,"3":2},"fnMap":{"1":{"name":"(anonymous_1)","line":12,"loc":{"start":{"line":12,"column":1},"end":{"line":12,"column":13}}},"2":{"name":"(anonymous_2)","line":19,"loc":{"start":{"line":19,"column":5},"end":{"line":19,"column":17}}},"3":{"name":"(anonymous_3)","line":23,"loc":{"start":{"line":23,"column":24},"end":{"line":23,"column":36}}}},"statementMap":{"1":{"start":{"line":12,"column":0},"end":{"line":53,"column":5}},"2":{"start":{"line":14,"column":4},"end":{"line":14,"column":14}},"3":{"start":{"line":19,"column":4},"end":{"line":52,"column":9}},"4":{"start":{"line":21,"column":8},"end":{"line":21,"column":19}},"5":{"start":{"line":23,"column":8},"end":{"line":35,"column":13}},"6":{"start":{"line":24,"column":12},"end":{"line":34,"column":13}},"7":{"start":{"line":25,"column":16},"end":{"line":28,"column":30}},"8":{"start":{"line":30,"column":16},"end":{"line":33,"column":27}},"9":{"start":{"line":37,"column":8},"end":{"line":39,"column":21}},"10":{"start":{"line":41,"column":8},"end":{"line":41,"column":54}},"11":{"start":{"line":43,"column":8},"end":{"line":43,"column":54}},"12":{"start":{"line":45,"column":8},"end":{"line":51,"column":9}},"13":{"start":{"line":46,"column":12},"end":{"line":46,"column":60}},"14":{"start":{"line":48,"column":12},"end":{"line":48,"column":35}},"15":{"start":{"line":49,"column":12},"end":{"line":49,"column":49}},"16":{"start":{"line":50,"column":12},"end":{"line":50,"column":43}}},"branchMap":{"1":{"line":25,"type":"binary-expr","locations":[{"start":{"line":25,"column":23},"end":{"line":25,"column":62}},{"start":{"line":26,"column":20},"end":{"line":26,"column":70}},{"start":{"line":27,"column":20},"end":{"line":27,"column":71}},{"start":{"line":28,"column":20},"end":{"line":28,"column":29}}]},"2":{"line":30,"type":"binary-expr","locations":[{"start":{"line":30,"column":23},"end":{"line":30,"column":37}},{"start":{"line":31,"column":20},"end":{"line":31,"column":61}},{"start":{"line":32,"column":20},"end":{"line":32,"column":70}},{"start":{"line":33,"column":20},"end":{"line":33,"column":26}}]},"3":{"line":37,"type":"cond-expr","locations":[{"start":{"line":38,"column":14},"end":{"line":38,"column":20}},{"start":{"line":39,"column":14},"end":{"line":39,"column":20}}]},"4":{"line":41,"type":"binary-expr","locations":[{"start":{"line":41,"column":16},"end":{"line":41,"column":44}},{"start":{"line":41,"column":48},"end":{"line":41,"column":53}}]},"5":{"line":45,"type":"if","locations":[{"start":{"line":45,"column":8},"end":{"line":45,"column":8}},{"start":{"line":45,"column":8},"end":{"line":45,"column":8}}]}},"code":["/* istanbul instrument in package npmtest_grunt_aws */","/*jslint","    bitwise: true,","    browser: true,","    maxerr: 8,","    maxlen: 96,","    node: true,","    nomen: true,","    regexp: true,","    stupid: true","*/","(function () {","    'use strict';","    var local;","","","","    // run shared js-env code - pre-init","    (function () {","        // init local","        local = {};","        // init modeJs","        local.modeJs = (function () {","            try {","                return typeof navigator.userAgent === 'string' &&","                    typeof document.querySelector('body') === 'object' &&","                    typeof XMLHttpRequest.prototype.open === 'function' &&","                    'browser';","            } catch (errorCaughtBrowser) {","                return module.exports &&","                    typeof process.versions.node === 'string' &&","                    typeof require('http').createServer === 'function' &&","                    'node';","            }","        }());","        // init global","        local.global = local.modeJs === 'browser'","            ? window","            : global;","        // init utility2_rollup","        local = local.global.utility2_rollup || local;","        // init lib","        local.local = local.npmtest_grunt_aws = local;","        // init exports","        if (local.modeJs === 'browser') {","            local.global.utility2_npmtest_grunt_aws = local;","        } else {","            module.exports = local;","            module.exports.__dirname = __dirname;","            module.exports.module = module;","        }","    }());","}());",""],"l":{"12":2,"14":2,"19":2,"21":2,"23":2,"24":2,"25":2,"30":1,"37":2,"41":2,"43":2,"45":2,"46":1,"48":1,"49":1,"50":1}},"/home/travis/build/npmtest/node-npmtest-grunt-aws/example.js":{"path":"/home/travis/build/npmtest/node-npmtest-grunt-aws/example.js","s":{"1":2,"2":2,"3":2,"4":2,"5":2,"6":2,"7":2,"8":1,"9":2,"10":2,"11":2,"12":2,"13":1,"14":2,"15":2,"16":2,"17":2,"18":2,"19":0,"20":2,"21":1,"22":1,"23":1,"24":1,"25":1,"26":0,"27":0,"28":1,"29":1,"30":2,"31":0,"32":0,"33":0,"34":1,"35":2,"36":2,"37":3,"38":3,"39":3,"40":3,"41":0,"42":3,"43":3,"44":3,"45":1,"46":3,"47":1,"48":1,"49":1,"50":1,"51":1,"52":1,"53":1,"54":1,"55":1,"56":1,"57":0,"58":1,"59":6,"60":6,"61":1,"62":2,"63":0,"64":2,"65":1,"66":1,"67":0,"68":0,"69":0,"70":0,"71":0,"72":0,"73":0,"74":0,"75":0,"76":0,"77":0,"78":0,"79":0,"80":0,"81":0,"82":0,"83":0},"b":{"1":[2,1,1,1],"2":[1,1,1,1],"3":[1,1],"4":[2,2],"5":[1,1],"6":[1,1],"7":[2,0],"8":[2,1,1,1,1,1],"9":[0,2,0],"10":[1,1],"11":[2,1,1],"12":[1,0],"13":[0,2],"14":[2,0,0,0,0,0,0],"15":[0,3],"16":[3,0],"17":[1,1],"18":[0,1],"19":[1,2,0,2],"20":[1,0],"21":[1,1],"22":[0,0],"23":[0,0],"24":[0,0],"25":[0,0],"26":[0,0],"27":[0,0],"28":[0,0]},"f":{"1":2,"2":2,"3":2,"4":2,"5":2,"6":2,"7":3,"8":3,"9":3,"10":1,"11":6,"12":0},"fnMap":{"1":{"name":"(anonymous_1)","line":26,"loc":{"start":{"line":26,"column":1},"end":{"line":26,"column":13}}},"2":{"name":"(anonymous_2)","line":33,"loc":{"start":{"line":33,"column":5},"end":{"line":33,"column":17}}},"3":{"name":"(anonymous_3)","line":37,"loc":{"start":{"line":37,"column":24},"end":{"line":37,"column":36}}},"4":{"name":"(anonymous_4)","line":69,"loc":{"start":{"line":69,"column":31},"end":{"line":69,"column":48}},"skip":true},"5":{"name":"(anonymous_5)","line":78,"loc":{"start":{"line":78,"column":26},"end":{"line":78,"column":45}},"skip":true},"6":{"name":"(anonymous_6)","line":123,"loc":{"start":{"line":123,"column":33},"end":{"line":123,"column":48}},"skip":true},"7":{"name":"(anonymous_7)","line":125,"loc":{"start":{"line":125,"column":27},"end":{"line":125,"column":39}},"skip":true},"8":{"name":"(anonymous_8)","line":133,"loc":{"start":{"line":133,"column":59},"end":{"line":133,"column":74}},"skip":true},"9":{"name":"(anonymous_9)","line":143,"loc":{"start":{"line":143,"column":45},"end":{"line":143,"column":62}},"skip":true},"10":{"name":"(anonymous_10)","line":144,"loc":{"start":{"line":144,"column":73},"end":{"line":144,"column":92}},"skip":true},"11":{"name":"(anonymous_11)","line":272,"loc":{"start":{"line":272,"column":51},"end":{"line":272,"column":77}},"skip":true},"12":{"name":"(anonymous_12)","line":315,"loc":{"start":{"line":315,"column":32},"end":{"line":315,"column":61}},"skip":true}},"statementMap":{"1":{"start":{"line":26,"column":0},"end":{"line":326,"column":5}},"2":{"start":{"line":28,"column":4},"end":{"line":28,"column":14}},"3":{"start":{"line":33,"column":4},"end":{"line":60,"column":9}},"4":{"start":{"line":35,"column":8},"end":{"line":35,"column":19}},"5":{"start":{"line":37,"column":8},"end":{"line":49,"column":13}},"6":{"start":{"line":38,"column":12},"end":{"line":48,"column":13}},"7":{"start":{"line":39,"column":16},"end":{"line":42,"column":30}},"8":{"start":{"line":44,"column":16},"end":{"line":47,"column":27}},"9":{"start":{"line":51,"column":8},"end":{"line":53,"column":21}},"10":{"start":{"line":55,"column":8},"end":{"line":57,"column":45}},"11":{"start":{"line":59,"column":8},"end":{"line":59,"column":35}},"12":{"start":{"line":61,"column":4},"end":{"line":325,"column":5}},"13":{"start":{"line":69,"column":8},"end":{"line":121,"column":10},"skip":true},"14":{"start":{"line":70,"column":12},"end":{"line":88,"column":13},"skip":true},"15":{"start":{"line":76,"column":16},"end":{"line":87,"column":19},"skip":true},"16":{"start":{"line":79,"column":20},"end":{"line":86,"column":21},"skip":true},"17":{"start":{"line":82,"column":24},"end":{"line":82,"column":43},"skip":true},"18":{"start":{"line":83,"column":24},"end":{"line":83,"column":30},"skip":true},"19":{"start":{"line":85,"column":24},"end":{"line":85,"column":49},"skip":true},"20":{"start":{"line":89,"column":12},"end":{"line":107,"column":13},"skip":true},"21":{"start":{"line":92,"column":16},"end":{"line":102,"column":17},"skip":true},"22":{"start":{"line":93,"column":20},"end":{"line":93,"column":86},"skip":true},"23":{"start":{"line":94,"column":20},"end":{"line":95,"column":45},"skip":true},"24":{"start":{"line":96,"column":20},"end":{"line":96,"column":42},"skip":true},"25":{"start":{"line":97,"column":20},"end":{"line":97,"column":48},"skip":true},"26":{"start":{"line":100,"column":20},"end":{"line":100,"column":85},"skip":true},"27":{"start":{"line":101,"column":20},"end":{"line":101,"column":96},"skip":true},"28":{"start":{"line":103,"column":16},"end":{"line":103,"column":22},"skip":true},"29":{"start":{"line":106,"column":16},"end":{"line":106,"column":22},"skip":true},"30":{"start":{"line":108,"column":12},"end":{"line":120,"column":13},"skip":true},"31":{"start":{"line":114,"column":16},"end":{"line":119,"column":17},"skip":true},"32":{"start":{"line":116,"column":20},"end":{"line":116,"column":78},"skip":true},"33":{"start":{"line":118,"column":20},"end":{"line":118,"column":47},"skip":true},"34":{"start":{"line":123,"column":8},"end":{"line":141,"column":11},"skip":true},"35":{"start":{"line":124,"column":12},"end":{"line":124,"column":54},"skip":true},"36":{"start":{"line":125,"column":12},"end":{"line":140,"column":14},"skip":true},"37":{"start":{"line":126,"column":16},"end":{"line":126,"column":28},"skip":true},"38":{"start":{"line":127,"column":16},"end":{"line":127,"column":69},"skip":true},"39":{"start":{"line":128,"column":16},"end":{"line":128,"column":75},"skip":true},"40":{"start":{"line":129,"column":16},"end":{"line":131,"column":17},"skip":true},"41":{"start":{"line":130,"column":20},"end":{"line":130,"column":27},"skip":true},"42":{"start":{"line":133,"column":16},"end":{"line":137,"column":36},"skip":true},"43":{"start":{"line":134,"column":20},"end":{"line":136,"column":55},"skip":true},"44":{"start":{"line":139,"column":16},"end":{"line":139,"column":57},"skip":true},"45":{"start":{"line":143,"column":8},"end":{"line":147,"column":11},"skip":true},"46":{"start":{"line":144,"column":12},"end":{"line":146,"column":15},"skip":true},"47":{"start":{"line":145,"column":16},"end":{"line":145,"column":70},"skip":true},"48":{"start":{"line":149,"column":8},"end":{"line":149,"column":31},"skip":true},"49":{"start":{"line":150,"column":8},"end":{"line":150,"column":14},"skip":true},"50":{"start":{"line":158,"column":8},"end":{"line":158,"column":31},"skip":true},"51":{"start":{"line":160,"column":8},"end":{"line":160,"column":33},"skip":true},"52":{"start":{"line":161,"column":8},"end":{"line":161,"column":37},"skip":true},"53":{"start":{"line":162,"column":8},"end":{"line":162,"column":35},"skip":true},"54":{"start":{"line":164,"column":8},"end":{"line":164,"column":50},"skip":true},"55":{"start":{"line":166,"column":8},"end":{"line":256,"column":2},"skip":true},"56":{"start":{"line":258,"column":8},"end":{"line":286,"column":9},"skip":true},"57":{"start":{"line":259,"column":12},"end":{"line":269,"column":14},"skip":true},"58":{"start":{"line":271,"column":12},"end":{"line":285,"column":19},"skip":true},"59":{"start":{"line":274,"column":20},"end":{"line":274,"column":35},"skip":true},"60":{"start":{"line":275,"column":20},"end":{"line":284,"column":21},"skip":true},"61":{"start":{"line":277,"column":24},"end":{"line":277,"column":64},"skip":true},"62":{"start":{"line":279,"column":24},"end":{"line":279,"column":40},"skip":true},"63":{"start":{"line":281,"column":24},"end":{"line":281,"column":40},"skip":true},"64":{"start":{"line":283,"column":24},"end":{"line":283,"column":39},"skip":true},"65":{"start":{"line":288,"column":8},"end":{"line":290,"column":9},"skip":true},"66":{"start":{"line":289,"column":12},"end":{"line":289,"column":18},"skip":true},"67":{"start":{"line":291,"column":8},"end":{"line":293,"column":54},"skip":true},"68":{"start":{"line":296,"column":8},"end":{"line":301,"column":37},"skip":true},"69":{"start":{"line":303,"column":8},"end":{"line":303,"column":82},"skip":true},"70":{"start":{"line":306,"column":8},"end":{"line":308,"column":9},"skip":true},"71":{"start":{"line":307,"column":12},"end":{"line":307,"column":82},"skip":true},"72":{"start":{"line":310,"column":8},"end":{"line":312,"column":9},"skip":true},"73":{"start":{"line":311,"column":12},"end":{"line":311,"column":18},"skip":true},"74":{"start":{"line":313,"column":8},"end":{"line":313,"column":54},"skip":true},"75":{"start":{"line":314,"column":8},"end":{"line":314,"column":69},"skip":true},"76":{"start":{"line":315,"column":8},"end":{"line":323,"column":36},"skip":true},"77":{"start":{"line":316,"column":12},"end":{"line":316,"column":61},"skip":true},"78":{"start":{"line":317,"column":12},"end":{"line":320,"column":13},"skip":true},"79":{"start":{"line":318,"column":16},"end":{"line":318,"column":75},"skip":true},"80":{"start":{"line":319,"column":16},"end":{"line":319,"column":23},"skip":true},"81":{"start":{"line":321,"column":12},"end":{"line":321,"column":38},"skip":true},"82":{"start":{"line":322,"column":12},"end":{"line":322,"column":27},"skip":true},"83":{"start":{"line":324,"column":8},"end":{"line":324,"column":14},"skip":true}},"branchMap":{"1":{"line":39,"type":"binary-expr","locations":[{"start":{"line":39,"column":23},"end":{"line":39,"column":62}},{"start":{"line":40,"column":20},"end":{"line":40,"column":70}},{"start":{"line":41,"column":20},"end":{"line":41,"column":71}},{"start":{"line":42,"column":20},"end":{"line":42,"column":29}}]},"2":{"line":44,"type":"binary-expr","locations":[{"start":{"line":44,"column":23},"end":{"line":44,"column":37}},{"start":{"line":45,"column":20},"end":{"line":45,"column":61}},{"start":{"line":46,"column":20},"end":{"line":46,"column":70}},{"start":{"line":47,"column":20},"end":{"line":47,"column":26}}]},"3":{"line":51,"type":"cond-expr","locations":[{"start":{"line":52,"column":14},"end":{"line":52,"column":20}},{"start":{"line":53,"column":14},"end":{"line":53,"column":20}}]},"4":{"line":55,"type":"binary-expr","locations":[{"start":{"line":55,"column":16},"end":{"line":55,"column":44}},{"start":{"line":55,"column":49},"end":{"line":57,"column":43}}]},"5":{"line":55,"type":"cond-expr","locations":[{"start":{"line":56,"column":14},"end":{"line":56,"column":53}},{"start":{"line":57,"column":14},"end":{"line":57,"column":43}}]},"6":{"line":61,"type":"switch","locations":[{"start":{"line":68,"column":4},"end":{"line":150,"column":14},"skip":true},{"start":{"line":156,"column":4},"end":{"line":324,"column":14},"skip":true}]},"7":{"line":70,"type":"if","locations":[{"start":{"line":70,"column":12},"end":{"line":70,"column":12},"skip":true},{"start":{"line":70,"column":12},"end":{"line":70,"column":12},"skip":true}]},"8":{"line":70,"type":"binary-expr","locations":[{"start":{"line":70,"column":16},"end":{"line":70,"column":22},"skip":true},{"start":{"line":70,"column":27},"end":{"line":70,"column":32},"skip":true},{"start":{"line":71,"column":20},"end":{"line":71,"column":39},"skip":true},{"start":{"line":72,"column":20},"end":{"line":72,"column":49},"skip":true},{"start":{"line":73,"column":20},"end":{"line":73,"column":58},"skip":true},{"start":{"line":74,"column":20},"end":{"line":74,"column":69},"skip":true}]},"9":{"line":79,"type":"switch","locations":[{"start":{"line":80,"column":20},"end":{"line":80,"column":33},"skip":true},{"start":{"line":81,"column":20},"end":{"line":83,"column":30},"skip":true},{"start":{"line":84,"column":20},"end":{"line":85,"column":49},"skip":true}]},"10":{"line":89,"type":"switch","locations":[{"start":{"line":90,"column":12},"end":{"line":103,"column":22},"skip":true},{"start":{"line":105,"column":12},"end":{"line":106,"column":22},"skip":true}]},"11":{"line":89,"type":"binary-expr","locations":[{"start":{"line":89,"column":20},"end":{"line":89,"column":25},"skip":true},{"start":{"line":89,"column":29},"end":{"line":89,"column":48},"skip":true},{"start":{"line":89,"column":52},"end":{"line":89,"column":74},"skip":true}]},"12":{"line":92,"type":"if","locations":[{"start":{"line":92,"column":16},"end":{"line":92,"column":16},"skip":true},{"start":{"line":92,"column":16},"end":{"line":92,"column":16},"skip":true}]},"13":{"line":108,"type":"if","locations":[{"start":{"line":108,"column":12},"end":{"line":108,"column":12},"skip":true},{"start":{"line":108,"column":12},"end":{"line":108,"column":12},"skip":true}]},"14":{"line":108,"type":"binary-expr","locations":[{"start":{"line":108,"column":16},"end":{"line":108,"column":61},"skip":true},{"start":{"line":108,"column":66},"end":{"line":108,"column":72},"skip":true},{"start":{"line":108,"column":77},"end":{"line":108,"column":82},"skip":true},{"start":{"line":109,"column":20},"end":{"line":109,"column":39},"skip":true},{"start":{"line":110,"column":20},"end":{"line":110,"column":49},"skip":true},{"start":{"line":111,"column":20},"end":{"line":111,"column":58},"skip":true},{"start":{"line":112,"column":20},"end":{"line":112,"column":68},"skip":true}]},"15":{"line":129,"type":"if","locations":[{"start":{"line":129,"column":16},"end":{"line":129,"column":16},"skip":true},{"start":{"line":129,"column":16},"end":{"line":129,"column":16},"skip":true}]},"16":{"line":134,"type":"cond-expr","locations":[{"start":{"line":135,"column":26},"end":{"line":135,"column":29},"skip":true},{"start":{"line":136,"column":26},"end":{"line":136,"column":54},"skip":true}]},"17":{"line":164,"type":"binary-expr","locations":[{"start":{"line":164,"column":27},"end":{"line":164,"column":43},"skip":true},{"start":{"line":164,"column":47},"end":{"line":164,"column":49},"skip":true}]},"18":{"line":258,"type":"if","locations":[{"start":{"line":258,"column":8},"end":{"line":258,"column":8},"skip":true},{"start":{"line":258,"column":8},"end":{"line":258,"column":8},"skip":true}]},"19":{"line":275,"type":"switch","locations":[{"start":{"line":276,"column":20},"end":{"line":277,"column":64},"skip":true},{"start":{"line":278,"column":20},"end":{"line":279,"column":40},"skip":true},{"start":{"line":280,"column":20},"end":{"line":281,"column":40},"skip":true},{"start":{"line":282,"column":20},"end":{"line":283,"column":39},"skip":true}]},"20":{"line":288,"type":"if","locations":[{"start":{"line":288,"column":8},"end":{"line":288,"column":8},"skip":true},{"start":{"line":288,"column":8},"end":{"line":288,"column":8},"skip":true}]},"21":{"line":288,"type":"binary-expr","locations":[{"start":{"line":288,"column":12},"end":{"line":288,"column":40},"skip":true},{"start":{"line":288,"column":44},"end":{"line":288,"column":67},"skip":true}]},"22":{"line":292,"type":"binary-expr","locations":[{"start":{"line":292,"column":12},"end":{"line":292,"column":50},"skip":true},{"start":{"line":293,"column":12},"end":{"line":293,"column":53},"skip":true}]},"23":{"line":297,"type":"binary-expr","locations":[{"start":{"line":297,"column":12},"end":{"line":297,"column":67},"skip":true},{"start":{"line":298,"column":12},"end":{"line":301,"column":36},"skip":true}]},"24":{"line":303,"type":"binary-expr","locations":[{"start":{"line":303,"column":43},"end":{"line":303,"column":75},"skip":true},{"start":{"line":303,"column":79},"end":{"line":303,"column":81},"skip":true}]},"25":{"line":306,"type":"if","locations":[{"start":{"line":306,"column":8},"end":{"line":306,"column":8},"skip":true},{"start":{"line":306,"column":8},"end":{"line":306,"column":8},"skip":true}]},"26":{"line":310,"type":"if","locations":[{"start":{"line":310,"column":8},"end":{"line":310,"column":8},"skip":true},{"start":{"line":310,"column":8},"end":{"line":310,"column":8},"skip":true}]},"27":{"line":313,"type":"binary-expr","locations":[{"start":{"line":313,"column":27},"end":{"line":313,"column":43},"skip":true},{"start":{"line":313,"column":47},"end":{"line":313,"column":53},"skip":true}]},"28":{"line":317,"type":"if","locations":[{"start":{"line":317,"column":12},"end":{"line":317,"column":12},"skip":true},{"start":{"line":317,"column":12},"end":{"line":317,"column":12},"skip":true}]}},"code":["/*","example.js","","quickstart example","","instruction","    1. save this script as example.js","    2. run the shell command:","        $ npm install npmtest-grunt-aws && PORT=8081 node example.js","    3. play with the browser-demo on http://127.0.0.1:8081","*/","","","","/* istanbul instrument in package npmtest_grunt_aws */","/*jslint","    bitwise: true,","    browser: true,","    maxerr: 8,","    maxlen: 96,","    node: true,","    nomen: true,","    regexp: true,","    stupid: true","*/","(function () {","    'use strict';","    var local;","","","","    // run shared js-env code - pre-init","    (function () {","        // init local","        local = {};","        // init modeJs","        local.modeJs = (function () {","            try {","                return typeof navigator.userAgent === 'string' &&","                    typeof document.querySelector('body') === 'object' &&","                    typeof XMLHttpRequest.prototype.open === 'function' &&","                    'browser';","            } catch (errorCaughtBrowser) {","                return module.exports &&","                    typeof process.versions.node === 'string' &&","                    typeof require('http').createServer === 'function' &&","                    'node';","            }","        }());","        // init global","        local.global = local.modeJs === 'browser'","            ? window","            : global;","        // init utility2_rollup","        local = local.global.utility2_rollup || (local.modeJs === 'browser'","            ? local.global.utility2_npmtest_grunt_aws","            : global.utility2_moduleExports);","        // export local","        local.global.local = local;","    }());","    switch (local.modeJs) {","","","","    // post-init","    // run browser js-env code - post-init","    /* istanbul ignore next */","    case 'browser':","        local.testRunBrowser = function (event) {","            if (!event || (event &&","                    event.currentTarget &&","                    event.currentTarget.className &&","                    event.currentTarget.className.includes &&","                    event.currentTarget.className.includes('onreset'))) {","                // reset output","                Array.from(","                    document.querySelectorAll('body > .resettable')","                ).forEach(function (element) {","                    switch (element.tagName) {","                    case 'INPUT':","                    case 'TEXTAREA':","                        element.value = '';","                        break;","                    default:","                        element.textContent = '';","                    }","                });","            }","            switch (event && event.currentTarget && event.currentTarget.id) {","            case 'testRunButton1':","                // show tests","                if (document.querySelector('#testReportDiv1').style.display === 'none') {","                    document.querySelector('#testReportDiv1').style.display = 'block';","                    document.querySelector('#testRunButton1').textContent =","                        'hide internal test';","                    local.modeTest = true;","                    local.testRunDefault(local);","                // hide tests","                } else {","                    document.querySelector('#testReportDiv1').style.display = 'none';","                    document.querySelector('#testRunButton1').textContent = 'run internal test';","                }","                break;","            // custom-case","            default:","                break;","            }","            if (document.querySelector('#inputTextareaEval1') && (!event || (event &&","                    event.currentTarget &&","                    event.currentTarget.className &&","                    event.currentTarget.className.includes &&","                    event.currentTarget.className.includes('oneval')))) {","                // try to eval input-code","                try {","                    /*jslint evil: true*/","                    eval(document.querySelector('#inputTextareaEval1').value);","                } catch (errorCaught) {","                    console.error(errorCaught);","                }","            }","        };","        // log stderr and stdout to #outputTextareaStdout1","        ['error', 'log'].forEach(function (key) {","            console[key + '_original'] = console[key];","            console[key] = function () {","                var element;","                console[key + '_original'].apply(console, arguments);","                element = document.querySelector('#outputTextareaStdout1');","                if (!element) {","                    return;","                }","                // append text to #outputTextareaStdout1","                element.value += Array.from(arguments).map(function (arg) {","                    return typeof arg === 'string'","                        ? arg","                        : JSON.stringify(arg, null, 4);","                }).join(' ') + '\\n';","                // scroll textarea to bottom","                element.scrollTop = element.scrollHeight;","            };","        });","        // init event-handling","        ['change', 'click', 'keyup'].forEach(function (event) {","            Array.from(document.querySelectorAll('.on' + event)).forEach(function (element) {","                element.addEventListener(event, local.testRunBrowser);","            });","        });","        // run tests","        local.testRunBrowser();","        break;","","","","    // run node js-env code - post-init","    /* istanbul ignore next */","    case 'node':","        // export local","        module.exports = local;","        // require modules","        local.fs = require('fs');","        local.http = require('http');","        local.url = require('url');","        // init assets","        local.assetsDict = local.assetsDict || {};","        /* jslint-ignore-begin */","        local.assetsDict['/assets.index.template.html'] = '\\","<!doctype html>\\n\\","<html lang=\"en\">\\n\\","<head>\\n\\","<meta charset=\"UTF-8\">\\n\\","<meta name=\"viewport\" content=\"width=device-width, initial-scale=1\">\\n\\","<title>{{env.npm_package_name}} (v{{env.npm_package_version}})</title>\\n\\","<style>\\n\\","/*csslint\\n\\","    box-sizing: false,\\n\\","    universal-selector: false\\n\\","*/\\n\\","* {\\n\\","    box-sizing: border-box;\\n\\","}\\n\\","body {\\n\\","    background: #dde;\\n\\","    font-family: Arial, Helvetica, sans-serif;\\n\\","    margin: 2rem;\\n\\","}\\n\\","body > * {\\n\\","    margin-bottom: 1rem;\\n\\","}\\n\\",".utility2FooterDiv {\\n\\","    margin-top: 20px;\\n\\","    text-align: center;\\n\\","}\\n\\","</style>\\n\\","<style>\\n\\","/*csslint\\n\\","*/\\n\\","textarea {\\n\\","    font-family: monospace;\\n\\","    height: 10rem;\\n\\","    width: 100%;\\n\\","}\\n\\","textarea[readonly] {\\n\\","    background: #ddd;\\n\\","}\\n\\","</style>\\n\\","</head>\\n\\","<body>\\n\\","<!-- utility2-comment\\n\\","<div id=\"ajaxProgressDiv1\" style=\"background: #d00; height: 2px; left: 0; margin: 0; padding: 0; position: fixed; top: 0; transition: background 0.5s, width 1.5s; width: 25%;\"></div>\\n\\","utility2-comment -->\\n\\","<h1>\\n\\","<!-- utility2-comment\\n\\","    <a\\n\\","        {{#if env.npm_package_homepage}}\\n\\","        href=\"{{env.npm_package_homepage}}\"\\n\\","        {{/if env.npm_package_homepage}}\\n\\","        target=\"_blank\"\\n\\","    >\\n\\","utility2-comment -->\\n\\","        {{env.npm_package_name}} (v{{env.npm_package_version}})\\n\\","<!-- utility2-comment\\n\\","    </a>\\n\\","utility2-comment -->\\n\\","</h1>\\n\\","<h3>{{env.npm_package_description}}</h3>\\n\\","<!-- utility2-comment\\n\\","<h4><a download href=\"assets.app.js\">download standalone app</a></h4>\\n\\","<button class=\"onclick onreset\" id=\"testRunButton1\">run internal test</button><br>\\n\\","<div id=\"testReportDiv1\" style=\"display: none;\"></div>\\n\\","utility2-comment -->\\n\\","\\n\\","\\n\\","\\n\\","<label>stderr and stdout</label>\\n\\","<textarea class=\"resettable\" id=\"outputTextareaStdout1\" readonly></textarea>\\n\\","<!-- utility2-comment\\n\\","{{#if isRollup}}\\n\\","<script src=\"assets.app.js\"></script>\\n\\","{{#unless isRollup}}\\n\\","utility2-comment -->\\n\\","<script src=\"assets.utility2.rollup.js\"></script>\\n\\","<script src=\"jsonp.utility2._stateInit?callback=window.utility2._stateInit\"></script>\\n\\","<script src=\"assets.npmtest_grunt_aws.rollup.js\"></script>\\n\\","<script src=\"assets.example.js\"></script>\\n\\","<script src=\"assets.test.js\"></script>\\n\\","<!-- utility2-comment\\n\\","{{/if isRollup}}\\n\\","utility2-comment -->\\n\\","<div class=\"utility2FooterDiv\">\\n\\","    [ this app was created with\\n\\","    <a href=\"https://github.com/kaizhu256/node-utility2\" target=\"_blank\">utility2</a>\\n\\","    ]\\n\\","</div>\\n\\","</body>\\n\\","</html>\\n\\","';","        /* jslint-ignore-end */","        if (local.templateRender) {","            local.assetsDict['/'] = local.templateRender(","                local.assetsDict['/assets.index.template.html'],","                {","                    env: local.objectSetDefault(local.env, {","                        npm_package_description: 'the greatest app in the world!',","                        npm_package_name: 'my-app',","                        npm_package_nameAlias: 'my_app',","                        npm_package_version: '0.0.1'","                    })","                }","            );","        } else {","            local.assetsDict['/'] = local.assetsDict['/assets.index.template.html']","                .replace((/\\{\\{env\\.(\\w+?)\\}\\}/g), function (match0, match1) {","                    // jslint-hack","                    String(match0);","                    switch (match1) {","                    case 'npm_package_description':","                        return 'the greatest app in the world!';","                    case 'npm_package_name':","                        return 'my-app';","                    case 'npm_package_nameAlias':","                        return 'my_app';","                    case 'npm_package_version':","                        return '0.0.1';","                    }","                });","        }","        // run the cli","        if (local.global.utility2_rollup || module !== require.main) {","            break;","        }","        local.assetsDict['/assets.example.js'] =","            local.assetsDict['/assets.example.js'] ||","            local.fs.readFileSync(__filename, 'utf8');","        // bug-workaround - long $npm_package_buildCustomOrg","        /* jslint-ignore-begin */","        local.assetsDict['/assets.npmtest_grunt_aws.rollup.js'] =","            local.assetsDict['/assets.npmtest_grunt_aws.rollup.js'] ||","            local.fs.readFileSync(","                local.npmtest_grunt_aws.__dirname + '/lib.npmtest_grunt_aws.js',","                'utf8'","            ).replace((/^#!/), '//');","        /* jslint-ignore-end */","        local.assetsDict['/favicon.ico'] = local.assetsDict['/favicon.ico'] || '';","        // if $npm_config_timeout_exit exists,","        // then exit this process after $npm_config_timeout_exit ms","        if (Number(process.env.npm_config_timeout_exit)) {","            setTimeout(process.exit, Number(process.env.npm_config_timeout_exit));","        }","        // start server","        if (local.global.utility2_serverHttp1) {","            break;","        }","        process.env.PORT = process.env.PORT || '8081';","        console.error('server starting on port ' + process.env.PORT);","        local.http.createServer(function (request, response) {","            request.urlParsed = local.url.parse(request.url);","            if (local.assetsDict[request.urlParsed.pathname] !== undefined) {","                response.end(local.assetsDict[request.urlParsed.pathname]);","                return;","            }","            response.statusCode = 404;","            response.end();","        }).listen(process.env.PORT);","        break;","    }","}());",""],"l":{"26":2,"28":2,"33":2,"35":2,"37":2,"38":2,"39":2,"44":1,"51":2,"55":2,"59":2,"61":2,"69":1,"70":2,"76":2,"79":2,"82":2,"83":2,"85":1,"89":2,"92":1,"93":1,"94":1,"96":1,"97":1,"100":1,"101":1,"103":1,"106":1,"108":2,"114":1,"116":1,"118":1,"123":1,"124":2,"125":2,"126":3,"127":3,"128":3,"129":3,"130":1,"133":3,"134":3,"139":3,"143":1,"144":3,"145":1,"149":1,"150":1,"158":1,"160":1,"161":1,"162":1,"164":1,"166":1,"258":1,"259":1,"271":1,"274":6,"275":6,"277":1,"279":2,"281":1,"283":2,"288":1,"289":1,"291":1,"296":1,"303":1,"306":1,"307":1,"310":1,"311":1,"313":1,"314":1,"315":1,"316":1,"317":1,"318":1,"319":1,"321":1,"322":1,"324":1}},"/home/travis/build/npmtest/node-npmtest-grunt-aws/node_modules/grunt-aws/tasks/aws.js":{"path":"/home/travis/build/npmtest/node-npmtest-grunt-aws/node_modules/grunt-aws/tasks/aws.js","s":{"1":1,"2":1,"3":0},"b":{},"f":{"1":0},"fnMap":{"1":{"name":"(anonymous_1)","line":4,"loc":{"start":{"line":4,"column":17},"end":{"line":4,"column":33}}}},"statementMap":{"1":{"start":{"line":2,"column":0},"end":{"line":2,"column":27}},"2":{"start":{"line":4,"column":0},"end":{"line":6,"column":2}},"3":{"start":{"line":5,"column":2},"end":{"line":5,"column":52}}},"branchMap":{},"code":["","var path = require(\"path\");","","module.exports = function(grunt) {","  grunt.loadTasks(path.join(__dirname, \"services\"));","};",""],"l":{"2":1,"4":1,"5":0}},"/home/travis/build/npmtest/node-npmtest-grunt-aws/node_modules/grunt-aws/tasks/cache-mgr.js":{"path":"/home/travis/build/npmtest/node-npmtest-grunt-aws/node_modules/grunt-aws/tasks/cache-mgr.js","s":{"1":1,"2":1,"3":0,"4":1,"5":0,"6":0,"7":0,"8":0,"9":0,"10":0,"11":0,"12":0,"13":1,"14":0,"15":0,"16":0,"17":0,"18":0,"19":0,"20":1,"21":0,"22":1,"23":1,"24":1,"25":0,"26":0,"27":0,"28":0,"29":0,"30":0,"31":0,"32":0},"b":{"1":[0,1],"2":[0,0],"3":[0,0],"4":[0,0],"5":[0,0],"6":[0,0]},"f":{"1":0,"2":0,"3":0,"4":0},"fnMap":{"1":{"name":"(anonymous_1)","line":9,"loc":{"start":{"line":9,"column":14},"end":{"line":9,"column":29}}},"2":{"name":"(anonymous_2)","line":27,"loc":{"start":{"line":27,"column":14},"end":{"line":27,"column":30}}},"3":{"name":"cachePath","line":37,"loc":{"start":{"line":37,"column":0},"end":{"line":37,"column":25}}},"4":{"name":"mapObj","line":46,"loc":{"start":{"line":46,"column":0},"end":{"line":46,"column":26}}}},"statementMap":{"1":{"start":{"line":1,"column":0},"end":{"line":3,"column":49}},"2":{"start":{"line":5,"column":0},"end":{"line":6,"column":24}},"3":{"start":{"line":6,"column":2},"end":{"line":6,"column":24}},"4":{"start":{"line":9,"column":0},"end":{"line":24,"column":2}},"5":{"start":{"line":10,"column":2},"end":{"line":10,"column":26}},"6":{"start":{"line":12,"column":2},"end":{"line":12,"column":17}},"7":{"start":{"line":14,"column":2},"end":{"line":20,"column":3}},"8":{"start":{"line":15,"column":4},"end":{"line":19,"column":5}},"9":{"start":{"line":16,"column":6},"end":{"line":16,"column":45}},"10":{"start":{"line":18,"column":6},"end":{"line":18,"column":17}},"11":{"start":{"line":22,"column":2},"end":{"line":22,"column":22}},"12":{"start":{"line":23,"column":2},"end":{"line":23,"column":15}},"13":{"start":{"line":27,"column":0},"end":{"line":34,"column":2}},"14":{"start":{"line":28,"column":2},"end":{"line":28,"column":27}},"15":{"start":{"line":29,"column":2},"end":{"line":30,"column":70}},"16":{"start":{"line":30,"column":4},"end":{"line":30,"column":70}},"17":{"start":{"line":31,"column":2},"end":{"line":31,"column":26}},"18":{"start":{"line":32,"column":2},"end":{"line":32,"column":48}},"19":{"start":{"line":33,"column":2},"end":{"line":33,"column":32}},"20":{"start":{"line":37,"column":0},"end":{"line":39,"column":1}},"21":{"start":{"line":38,"column":2},"end":{"line":38,"column":41}},"22":{"start":{"line":44,"column":0},"end":{"line":44,"column":17}},"23":{"start":{"line":45,"column":0},"end":{"line":45,"column":17}},"24":{"start":{"line":46,"column":0},"end":{"line":56,"column":1}},"25":{"start":{"line":47,"column":2},"end":{"line":47,"column":35}},"26":{"start":{"line":48,"column":2},"end":{"line":54,"column":3}},"27":{"start":{"line":49,"column":4},"end":{"line":49,"column":26}},"28":{"start":{"line":50,"column":4},"end":{"line":50,"column":33}},"29":{"start":{"line":51,"column":4},"end":{"line":51,"column":25}},"30":{"start":{"line":52,"column":9},"end":{"line":54,"column":3}},"31":{"start":{"line":53,"column":4},"end":{"line":53,"column":26}},"32":{"start":{"line":55,"column":2},"end":{"line":55,"column":14}}},"branchMap":{"1":{"line":5,"type":"if","locations":[{"start":{"line":5,"column":0},"end":{"line":5,"column":0}},{"start":{"line":5,"column":0},"end":{"line":5,"column":0}}]},"2":{"line":14,"type":"if","locations":[{"start":{"line":14,"column":2},"end":{"line":14,"column":2}},{"start":{"line":14,"column":2},"end":{"line":14,"column":2}}]},"3":{"line":29,"type":"if","locations":[{"start":{"line":29,"column":2},"end":{"line":29,"column":2}},{"start":{"line":29,"column":2},"end":{"line":29,"column":2}}]},"4":{"line":48,"type":"if","locations":[{"start":{"line":48,"column":2},"end":{"line":48,"column":2}},{"start":{"line":48,"column":2},"end":{"line":48,"column":2}}]},"5":{"line":48,"type":"binary-expr","locations":[{"start":{"line":48,"column":5},"end":{"line":48,"column":8}},{"start":{"line":48,"column":12},"end":{"line":48,"column":20}}]},"6":{"line":52,"type":"if","locations":[{"start":{"line":52,"column":9},"end":{"line":52,"column":9}},{"start":{"line":52,"column":9},"end":{"line":52,"column":9}}]}},"code":["var fs = require(\"fs\"),","    path = require(\"path\"),","    dirPath = path.join(__dirname,\"..\",\"caches\");","","if(!fs.existsSync(dirPath))","  fs.mkdirSync(dirPath);","","//retreives/creates a given cache from disk","exports.get = function(name) {","  var p = cachePath(name);","","  var cache = {};","  //fetch","  if(fs.existsSync(p)) {","    try {","      cache = JSON.parse(fs.readFileSync(p));","    } catch(e) {","      cache = {};","    }","  }","","  mapObj(cache, name);","  return cache;","};","","//saves a cache to disk","exports.put = function(cache) {","  var name = mapObj(cache);","  if(!name)","    throw \"Object not found. Only put objects that have been 'get()'\";","  var p = cachePath(name);","  var contents = JSON.stringify(cache, null, 2);","  fs.writeFileSync(p, contents);","};","","//helpers","function cachePath(name) {","  return path.join(dirPath,name+\".json\");","}","","//object -> string map","// mapObj(obj) => get str by obj","// mapObj(obj, str) => set str","mapObj.objs = [];","mapObj.strs = [];","function mapObj(obj, str) {","  var i = mapObj.objs.indexOf(obj);","  if(str && i === -1) {","    mapObj.objs.push(obj);","    i = mapObj.objs.indexOf(obj);","    mapObj.strs[i] = str;","  } else if(i >= 0) {","    return mapObj.strs[i];","  }","  return null;","}",""],"l":{"1":1,"5":1,"6":0,"9":1,"10":0,"12":0,"14":0,"15":0,"16":0,"18":0,"22":0,"23":0,"27":1,"28":0,"29":0,"30":0,"31":0,"32":0,"33":0,"37":1,"38":0,"44":1,"45":1,"46":1,"47":0,"48":0,"49":0,"50":0,"51":0,"52":0,"53":0,"55":0}},"/home/travis/build/npmtest/node-npmtest-grunt-aws/node_modules/grunt-aws/tasks/services/cloudfront.js":{"path":"/home/travis/build/npmtest/node-npmtest-grunt-aws/node_modules/grunt-aws/tasks/services/cloudfront.js","s":{"1":1,"2":1,"3":0,"4":0,"5":0,"6":0,"7":0,"8":0,"9":0,"10":0,"11":0,"12":0,"13":0,"14":0,"15":0,"16":1,"17":0,"18":0,"19":0,"20":0,"21":0,"22":0,"23":0,"24":0,"25":1,"26":0,"27":0,"28":0,"29":0,"30":0,"31":0,"32":0,"33":0,"34":0,"35":0,"36":0,"37":0,"38":0,"39":0,"40":0,"41":0,"42":0,"43":0},"b":{"1":[0,0],"2":[0,0],"3":[0,0],"4":[0,0],"5":[0,0],"6":[0,0,0],"7":[0,0],"8":[0,0],"9":[0,0],"10":[0,0],"11":[0,0]},"f":{"1":0,"2":0,"3":0,"4":0,"5":0,"6":0,"7":0},"fnMap":{"1":{"name":"(anonymous_1)","line":5,"loc":{"start":{"line":5,"column":17},"end":{"line":5,"column":33}}},"2":{"name":"(anonymous_2)","line":14,"loc":{"start":{"line":14,"column":46},"end":{"line":14,"column":57}}},"3":{"name":"createInvalidations","line":42,"loc":{"start":{"line":42,"column":4},"end":{"line":42,"column":43}}},"4":{"name":"(anonymous_4)","line":56,"loc":{"start":{"line":56,"column":44},"end":{"line":56,"column":64}}},"5":{"name":"createUpdates","line":63,"loc":{"start":{"line":63,"column":4},"end":{"line":63,"column":37}}},"6":{"name":"(anonymous_6)","line":67,"loc":{"start":{"line":67,"column":62},"end":{"line":67,"column":81}}},"7":{"name":"(anonymous_7)","line":94,"loc":{"start":{"line":94,"column":46},"end":{"line":94,"column":66}}}},"statementMap":{"1":{"start":{"line":1,"column":0},"end":{"line":3,"column":29}},"2":{"start":{"line":5,"column":0},"end":{"line":106,"column":2}},"3":{"start":{"line":8,"column":2},"end":{"line":8,"column":38}},"4":{"start":{"line":11,"column":2},"end":{"line":11,"column":20}},"5":{"start":{"line":14,"column":2},"end":{"line":103,"column":5}},"6":{"start":{"line":17,"column":4},"end":{"line":17,"column":38}},"7":{"start":{"line":19,"column":4},"end":{"line":20,"column":57}},"8":{"start":{"line":20,"column":6},"end":{"line":20,"column":57}},"9":{"start":{"line":23,"column":4},"end":{"line":23,"column":28}},"10":{"start":{"line":26,"column":4},"end":{"line":29,"column":13}},"11":{"start":{"line":32,"column":4},"end":{"line":32,"column":42}},"12":{"start":{"line":34,"column":4},"end":{"line":34,"column":22}},"13":{"start":{"line":35,"column":4},"end":{"line":35,"column":39}},"14":{"start":{"line":36,"column":4},"end":{"line":36,"column":33}},"15":{"start":{"line":37,"column":4},"end":{"line":37,"column":33}},"16":{"start":{"line":42,"column":4},"end":{"line":61,"column":5}},"17":{"start":{"line":43,"column":6},"end":{"line":44,"column":26}},"18":{"start":{"line":44,"column":8},"end":{"line":44,"column":26}},"19":{"start":{"line":46,"column":6},"end":{"line":55,"column":8}},"20":{"start":{"line":56,"column":6},"end":{"line":60,"column":9}},"21":{"start":{"line":57,"column":8},"end":{"line":58,"column":31}},"22":{"start":{"line":57,"column":17},"end":{"line":57,"column":45}},"23":{"start":{"line":58,"column":13},"end":{"line":58,"column":31}},"24":{"start":{"line":59,"column":8},"end":{"line":59,"column":22}},"25":{"start":{"line":63,"column":4},"end":{"line":101,"column":5}},"26":{"start":{"line":64,"column":6},"end":{"line":65,"column":26}},"27":{"start":{"line":65,"column":8},"end":{"line":65,"column":26}},"28":{"start":{"line":67,"column":6},"end":{"line":99,"column":9}},"29":{"start":{"line":68,"column":8},"end":{"line":71,"column":9}},"30":{"start":{"line":69,"column":10},"end":{"line":69,"column":38}},"31":{"start":{"line":70,"column":10},"end":{"line":70,"column":31}},"32":{"start":{"line":73,"column":8},"end":{"line":77,"column":10}},"33":{"start":{"line":79,"column":8},"end":{"line":84,"column":9}},"34":{"start":{"line":80,"column":10},"end":{"line":83,"column":12}},"35":{"start":{"line":86,"column":8},"end":{"line":88,"column":9}},"36":{"start":{"line":87,"column":10},"end":{"line":87,"column":84}},"37":{"start":{"line":90,"column":8},"end":{"line":92,"column":9}},"38":{"start":{"line":91,"column":10},"end":{"line":91,"column":79}},"39":{"start":{"line":94,"column":8},"end":{"line":98,"column":11}},"40":{"start":{"line":95,"column":10},"end":{"line":96,"column":33}},"41":{"start":{"line":95,"column":19},"end":{"line":95,"column":47}},"42":{"start":{"line":96,"column":15},"end":{"line":96,"column":33}},"43":{"start":{"line":97,"column":10},"end":{"line":97,"column":24}}},"branchMap":{"1":{"line":19,"type":"if","locations":[{"start":{"line":19,"column":4},"end":{"line":19,"column":4}},{"start":{"line":19,"column":4},"end":{"line":19,"column":4}}]},"2":{"line":43,"type":"if","locations":[{"start":{"line":43,"column":6},"end":{"line":43,"column":6}},{"start":{"line":43,"column":6},"end":{"line":43,"column":6}}]},"3":{"line":43,"type":"binary-expr","locations":[{"start":{"line":43,"column":9},"end":{"line":43,"column":28}},{"start":{"line":43,"column":32},"end":{"line":43,"column":58}}]},"4":{"line":57,"type":"if","locations":[{"start":{"line":57,"column":8},"end":{"line":57,"column":8}},{"start":{"line":57,"column":8},"end":{"line":57,"column":8}}]},"5":{"line":64,"type":"if","locations":[{"start":{"line":64,"column":6},"end":{"line":64,"column":6}},{"start":{"line":64,"column":6},"end":{"line":64,"column":6}}]},"6":{"line":64,"type":"binary-expr","locations":[{"start":{"line":64,"column":9},"end":{"line":64,"column":35}},{"start":{"line":64,"column":39},"end":{"line":64,"column":55}},{"start":{"line":64,"column":59},"end":{"line":64,"column":82}}]},"7":{"line":68,"type":"if","locations":[{"start":{"line":68,"column":8},"end":{"line":68,"column":8}},{"start":{"line":68,"column":8},"end":{"line":68,"column":8}}]},"8":{"line":79,"type":"if","locations":[{"start":{"line":79,"column":8},"end":{"line":79,"column":8}},{"start":{"line":79,"column":8},"end":{"line":79,"column":8}}]},"9":{"line":86,"type":"if","locations":[{"start":{"line":86,"column":8},"end":{"line":86,"column":8}},{"start":{"line":86,"column":8},"end":{"line":86,"column":8}}]},"10":{"line":90,"type":"if","locations":[{"start":{"line":90,"column":8},"end":{"line":90,"column":8}},{"start":{"line":90,"column":8},"end":{"line":90,"column":8}}]},"11":{"line":95,"type":"if","locations":[{"start":{"line":95,"column":10},"end":{"line":95,"column":10}},{"start":{"line":95,"column":10},"end":{"line":95,"column":10}}]}},"code":["var AWS = require(\"aws-sdk\"),","    _ = require(\"lodash\"),","    async = require(\"async\");","","module.exports = function(grunt) {","","  //cloudfront description","  var DESC = \"grunt-aws's cloudfront\";","","  //cloudfront defaults (none at the moment)","  var DEFAULTS = {};","","  //cloudfront task","  grunt.registerMultiTask(\"cloudfront\", DESC, function() {","","    //get options","    var opts = this.options(DEFAULTS);","","    if(_.isEmpty(opts.distributionId))","      return grunt.log.ok(\"No DistributionId specified\");","","    //mark as async","    var done = this.async();","","    //whitelist allowed keys","    AWS.config.update(_.pick(opts,","      'accessKeyId',","      'secretAccessKey'","    ), true);"," ","    //cloudfront client","    var cloudfront = new AWS.CloudFront();","","    var subtasks = [];","    subtasks.push(createInvalidations);","    subtasks.push(createUpdates);","    async.series(subtasks, done);","","    //------------------------------------------------","","    //create records defined in opts.invalidations","    function createInvalidations(callback) {","      if(!opts.invalidations || !opts.invalidations.length)","        return callback();","","      var params = {","        DistributionId: opts.distributionId,","        InvalidationBatch: {","          CallerReference: Date.now().toString(),","          Paths: {","            Quantity: opts.invalidations.length,","            Items: opts.invalidations","          }","        }","      };","      cloudfront.createInvalidation(params, function(err, data) {","        if (err) console.log(err, err.stack);","        else console.log(data);","        callback(err);","      });","    }","","    function createUpdates(callback) {","      if(!opts.customErrorResponses && !opts.originPath && !opts.defaultRootObject)","        return callback();","","      cloudfront.getDistribution({ Id: opts.distributionId }, function(err, res) {","        if (err) {","          console.log(err, err.stack);","          return callback(err);","        }","","        var params = {","          Id: opts.distributionId,","          DistributionConfig: res.Distribution.DistributionConfig,","          IfMatch: res.ETag","        };","","        if(opts.customErrorResponses){","          params.DistributionConfig.CustomErrorResponses = {","            Quantity: opts.customErrorResponses.length,","            Items: opts.customErrorResponses","          };","        }","","        if(opts.originPath){","          params.DistributionConfig.Origins.Items[ 0 ].OriginPath = opts.originPath;","        }","","        if(opts.defaultRootObject){","          params.DistributionConfig.DefaultRootObject = opts.defaultRootObject;","        }","","        cloudfront.updateDistribution(params, function(err, data) {","          if (err) console.log(err, err.stack);","          else console.log(data);","          callback(err);","        });","      });","","    }","","  });","","","};",""],"l":{"1":1,"5":1,"8":0,"11":0,"14":0,"17":0,"19":0,"20":0,"23":0,"26":0,"32":0,"34":0,"35":0,"36":0,"37":0,"42":1,"43":0,"44":0,"46":0,"56":0,"57":0,"58":0,"59":0,"63":1,"64":0,"65":0,"67":0,"68":0,"69":0,"70":0,"73":0,"79":0,"80":0,"86":0,"87":0,"90":0,"91":0,"94":0,"95":0,"96":0,"97":0}},"/home/travis/build/npmtest/node-npmtest-grunt-aws/node_modules/grunt-aws/tasks/services/route53.js":{"path":"/home/travis/build/npmtest/node-npmtest-grunt-aws/node_modules/grunt-aws/tasks/services/route53.js","s":{"1":1,"2":1,"3":0,"4":0,"5":0,"6":0,"7":0,"8":0,"9":0,"10":0,"11":0,"12":0,"13":0,"14":0,"15":0,"16":1,"17":0,"18":0,"19":0,"20":0,"21":0,"22":0,"23":0,"24":0,"25":0,"26":1,"27":0,"28":0,"29":0,"30":0,"31":0,"32":0,"33":0,"34":1,"35":0,"36":0,"37":0,"38":0,"39":0,"40":0,"41":0,"42":0,"43":0,"44":0,"45":0,"46":0,"47":0,"48":0,"49":0,"50":0,"51":0,"52":0,"53":0,"54":0,"55":1,"56":0,"57":0,"58":0,"59":0,"60":0,"61":0,"62":0,"63":0,"64":0,"65":0,"66":0,"67":0,"68":0,"69":0,"70":0,"71":0,"72":0,"73":0,"74":0,"75":0,"76":0,"77":0,"78":0,"79":1,"80":0,"81":0,"82":0,"83":0,"84":0,"85":0,"86":0,"87":0,"88":0,"89":1,"90":0},"b":{"1":[0,0],"2":[0,0],"3":[0,0],"4":[0,0],"5":[0,0],"6":[0,0],"7":[0,0],"8":[0,0],"9":[0,0],"10":[0,0],"11":[0,0],"12":[0,0],"13":[0,0],"14":[0,0],"15":[0,0],"16":[0,0],"17":[0,0],"18":[0,0],"19":[0,0],"20":[0,0],"21":[0,0],"22":[0,0],"23":[0,0]},"f":{"1":0,"2":0,"3":0,"4":0,"5":0,"6":0,"7":0,"8":0,"9":0,"10":0,"11":0,"12":0,"13":0,"14":0,"15":0,"16":0,"17":0,"18":0,"19":0,"20":0,"21":0},"fnMap":{"1":{"name":"(anonymous_1)","line":6,"loc":{"start":{"line":6,"column":17},"end":{"line":6,"column":33}}},"2":{"name":"(anonymous_2)","line":21,"loc":{"start":{"line":21,"column":38},"end":{"line":21,"column":49}}},"3":{"name":"allRecordsInCache","line":54,"loc":{"start":{"line":54,"column":4},"end":{"line":54,"column":33}}},"4":{"name":"(anonymous_4)","line":55,"loc":{"start":{"line":55,"column":40},"end":{"line":55,"column":56}}},"5":{"name":"(anonymous_5)","line":60,"loc":{"start":{"line":60,"column":41},"end":{"line":60,"column":57}}},"6":{"name":"createRecordsForZones","line":66,"loc":{"start":{"line":66,"column":4},"end":{"line":66,"column":45}}},"7":{"name":"(anonymous_7)","line":67,"loc":{"start":{"line":67,"column":60},"end":{"line":67,"column":82}}},"8":{"name":"(anonymous_8)","line":70,"loc":{"start":{"line":70,"column":24},"end":{"line":70,"column":45}}},"9":{"name":"getZoneID","line":77,"loc":{"start":{"line":77,"column":4},"end":{"line":77,"column":39}}},"10":{"name":"(anonymous_10)","line":84,"loc":{"start":{"line":84,"column":30},"end":{"line":84,"column":49}}},"11":{"name":"(anonymous_11)","line":87,"loc":{"start":{"line":87,"column":33},"end":{"line":87,"column":51}}},"12":{"name":"createRecords","line":105,"loc":{"start":{"line":105,"column":4},"end":{"line":105,"column":60}}},"13":{"name":"(anonymous_13)","line":107,"loc":{"start":{"line":107,"column":63},"end":{"line":107,"column":83}}},"14":{"name":"(anonymous_14)","line":114,"loc":{"start":{"line":114,"column":57},"end":{"line":114,"column":84}}},"15":{"name":"(anonymous_15)","line":122,"loc":{"start":{"line":122,"column":48},"end":{"line":122,"column":65}}},"16":{"name":"(anonymous_16)","line":125,"loc":{"start":{"line":125,"column":52},"end":{"line":125,"column":80}}},"17":{"name":"(anonymous_17)","line":144,"loc":{"start":{"line":144,"column":80},"end":{"line":144,"column":97}}},"18":{"name":"createBatchRequestForRecord","line":155,"loc":{"start":{"line":155,"column":4},"end":{"line":155,"column":49}}},"19":{"name":"(anonymous_19)","line":157,"loc":{"start":{"line":157,"column":21},"end":{"line":157,"column":42}}},"20":{"name":"(anonymous_20)","line":160,"loc":{"start":{"line":160,"column":55},"end":{"line":160,"column":74}}},"21":{"name":"makeAwsFriendly","line":174,"loc":{"start":{"line":174,"column":4},"end":{"line":174,"column":34}}}},"statementMap":{"1":{"start":{"line":1,"column":0},"end":{"line":4,"column":39}},"2":{"start":{"line":6,"column":0},"end":{"line":181,"column":2}},"3":{"start":{"line":9,"column":2},"end":{"line":9,"column":61}},"4":{"start":{"line":12,"column":2},"end":{"line":18,"column":4}},"5":{"start":{"line":21,"column":2},"end":{"line":178,"column":5}},"6":{"start":{"line":24,"column":4},"end":{"line":24,"column":38}},"7":{"start":{"line":27,"column":4},"end":{"line":28,"column":57}},"8":{"start":{"line":28,"column":6},"end":{"line":28,"column":57}},"9":{"start":{"line":30,"column":4},"end":{"line":32,"column":5}},"10":{"start":{"line":31,"column":6},"end":{"line":31,"column":62}},"11":{"start":{"line":35,"column":4},"end":{"line":35,"column":28}},"12":{"start":{"line":38,"column":4},"end":{"line":38,"column":48}},"13":{"start":{"line":41,"column":4},"end":{"line":44,"column":13}},"14":{"start":{"line":47,"column":4},"end":{"line":47,"column":36}},"15":{"start":{"line":50,"column":4},"end":{"line":50,"column":32}},"16":{"start":{"line":54,"column":4},"end":{"line":64,"column":5}},"17":{"start":{"line":55,"column":6},"end":{"line":63,"column":9}},"18":{"start":{"line":56,"column":8},"end":{"line":56,"column":29}},"19":{"start":{"line":57,"column":8},"end":{"line":57,"column":32}},"20":{"start":{"line":58,"column":8},"end":{"line":58,"column":62}},"21":{"start":{"line":59,"column":8},"end":{"line":59,"column":37}},"22":{"start":{"line":59,"column":24},"end":{"line":59,"column":37}},"23":{"start":{"line":60,"column":8},"end":{"line":60,"column":97}},"24":{"start":{"line":60,"column":59},"end":{"line":60,"column":93}},"25":{"start":{"line":62,"column":8},"end":{"line":62,"column":72}},"26":{"start":{"line":66,"column":4},"end":{"line":75,"column":5}},"27":{"start":{"line":67,"column":6},"end":{"line":74,"column":19}},"28":{"start":{"line":68,"column":8},"end":{"line":68,"column":29}},"29":{"start":{"line":69,"column":8},"end":{"line":69,"column":32}},"30":{"start":{"line":70,"column":8},"end":{"line":73,"column":11}},"31":{"start":{"line":71,"column":10},"end":{"line":71,"column":35}},"32":{"start":{"line":71,"column":18},"end":{"line":71,"column":35}},"33":{"start":{"line":72,"column":10},"end":{"line":72,"column":53}},"34":{"start":{"line":77,"column":4},"end":{"line":103,"column":5}},"35":{"start":{"line":78,"column":6},"end":{"line":82,"column":7}},"36":{"start":{"line":80,"column":8},"end":{"line":80,"column":57}},"37":{"start":{"line":81,"column":8},"end":{"line":81,"column":54}},"38":{"start":{"line":81,"column":22},"end":{"line":81,"column":54}},"39":{"start":{"line":84,"column":6},"end":{"line":102,"column":9}},"40":{"start":{"line":85,"column":8},"end":{"line":85,"column":37}},"41":{"start":{"line":85,"column":16},"end":{"line":85,"column":37}},"42":{"start":{"line":86,"column":8},"end":{"line":86,"column":35}},"43":{"start":{"line":87,"column":8},"end":{"line":99,"column":11}},"44":{"start":{"line":88,"column":10},"end":{"line":88,"column":59}},"45":{"start":{"line":89,"column":10},"end":{"line":95,"column":11}},"46":{"start":{"line":90,"column":12},"end":{"line":90,"column":65}},"47":{"start":{"line":91,"column":12},"end":{"line":94,"column":13}},"48":{"start":{"line":92,"column":14},"end":{"line":92,"column":57}},"49":{"start":{"line":93,"column":14},"end":{"line":93,"column":34}},"50":{"start":{"line":96,"column":10},"end":{"line":98,"column":11}},"51":{"start":{"line":97,"column":12},"end":{"line":97,"column":46}},"52":{"start":{"line":100,"column":8},"end":{"line":100,"column":85}},"53":{"start":{"line":100,"column":36},"end":{"line":100,"column":85}},"54":{"start":{"line":101,"column":8},"end":{"line":101,"column":50}},"55":{"start":{"line":105,"column":4},"end":{"line":153,"column":5}},"56":{"start":{"line":107,"column":6},"end":{"line":152,"column":9}},"57":{"start":{"line":108,"column":8},"end":{"line":108,"column":37}},"58":{"start":{"line":108,"column":16},"end":{"line":108,"column":37}},"59":{"start":{"line":110,"column":8},"end":{"line":119,"column":9}},"60":{"start":{"line":112,"column":10},"end":{"line":112,"column":59}},"61":{"start":{"line":113,"column":10},"end":{"line":113,"column":28}},"62":{"start":{"line":114,"column":10},"end":{"line":117,"column":13}},"63":{"start":{"line":116,"column":12},"end":{"line":116,"column":61}},"64":{"start":{"line":118,"column":10},"end":{"line":118,"column":30}},"65":{"start":{"line":122,"column":8},"end":{"line":128,"column":11}},"66":{"start":{"line":124,"column":10},"end":{"line":124,"column":64}},"67":{"start":{"line":125,"column":10},"end":{"line":127,"column":13}},"68":{"start":{"line":126,"column":12},"end":{"line":126,"column":59}},"69":{"start":{"line":130,"column":8},"end":{"line":133,"column":9}},"70":{"start":{"line":131,"column":10},"end":{"line":131,"column":55}},"71":{"start":{"line":132,"column":10},"end":{"line":132,"column":28}},"72":{"start":{"line":136,"column":8},"end":{"line":141,"column":10}},"73":{"start":{"line":144,"column":8},"end":{"line":146,"column":22}},"74":{"start":{"line":145,"column":10},"end":{"line":145,"column":47}},"75":{"start":{"line":147,"column":8},"end":{"line":147,"column":98}},"76":{"start":{"line":150,"column":8},"end":{"line":150,"column":43}},"77":{"start":{"line":150,"column":25},"end":{"line":150,"column":43}},"78":{"start":{"line":151,"column":8},"end":{"line":151,"column":71}},"79":{"start":{"line":155,"column":4},"end":{"line":172,"column":5}},"80":{"start":{"line":156,"column":6},"end":{"line":156,"column":29}},"81":{"start":{"line":157,"column":6},"end":{"line":166,"column":9}},"82":{"start":{"line":159,"column":8},"end":{"line":165,"column":9}},"83":{"start":{"line":160,"column":10},"end":{"line":162,"column":13}},"84":{"start":{"line":161,"column":12},"end":{"line":161,"column":39}},"85":{"start":{"line":164,"column":10},"end":{"line":164,"column":54}},"86":{"start":{"line":168,"column":6},"end":{"line":170,"column":7}},"87":{"start":{"line":169,"column":8},"end":{"line":169,"column":37}},"88":{"start":{"line":171,"column":6},"end":{"line":171,"column":68}},"89":{"start":{"line":174,"column":4},"end":{"line":177,"column":5}},"90":{"start":{"line":176,"column":6},"end":{"line":176,"column":56}}},"branchMap":{"1":{"line":27,"type":"if","locations":[{"start":{"line":27,"column":4},"end":{"line":27,"column":4}},{"start":{"line":27,"column":4},"end":{"line":27,"column":4}}]},"2":{"line":30,"type":"if","locations":[{"start":{"line":30,"column":4},"end":{"line":30,"column":4}},{"start":{"line":30,"column":4},"end":{"line":30,"column":4}}]},"3":{"line":30,"type":"binary-expr","locations":[{"start":{"line":30,"column":8},"end":{"line":30,"column":18}},{"start":{"line":30,"column":22},"end":{"line":30,"column":41}}]},"4":{"line":38,"type":"cond-expr","locations":[{"start":{"line":38,"column":31},"end":{"line":38,"column":42}},{"start":{"line":38,"column":45},"end":{"line":38,"column":47}}]},"5":{"line":59,"type":"if","locations":[{"start":{"line":59,"column":8},"end":{"line":59,"column":8}},{"start":{"line":59,"column":8},"end":{"line":59,"column":8}}]},"6":{"line":60,"type":"binary-expr","locations":[{"start":{"line":60,"column":66},"end":{"line":60,"column":77}},{"start":{"line":60,"column":81},"end":{"line":60,"column":92}}]},"7":{"line":71,"type":"if","locations":[{"start":{"line":71,"column":10},"end":{"line":71,"column":10}},{"start":{"line":71,"column":10},"end":{"line":71,"column":10}}]},"8":{"line":78,"type":"if","locations":[{"start":{"line":78,"column":6},"end":{"line":78,"column":6}},{"start":{"line":78,"column":6},"end":{"line":78,"column":6}}]},"9":{"line":81,"type":"if","locations":[{"start":{"line":81,"column":8},"end":{"line":81,"column":8}},{"start":{"line":81,"column":8},"end":{"line":81,"column":8}}]},"10":{"line":85,"type":"if","locations":[{"start":{"line":85,"column":8},"end":{"line":85,"column":8}},{"start":{"line":85,"column":8},"end":{"line":85,"column":8}}]},"11":{"line":89,"type":"if","locations":[{"start":{"line":89,"column":10},"end":{"line":89,"column":10}},{"start":{"line":89,"column":10},"end":{"line":89,"column":10}}]},"12":{"line":91,"type":"if","locations":[{"start":{"line":91,"column":12},"end":{"line":91,"column":12}},{"start":{"line":91,"column":12},"end":{"line":91,"column":12}}]},"13":{"line":96,"type":"if","locations":[{"start":{"line":96,"column":10},"end":{"line":96,"column":10}},{"start":{"line":96,"column":10},"end":{"line":96,"column":10}}]},"14":{"line":100,"type":"if","locations":[{"start":{"line":100,"column":8},"end":{"line":100,"column":8}},{"start":{"line":100,"column":8},"end":{"line":100,"column":8}}]},"15":{"line":108,"type":"if","locations":[{"start":{"line":108,"column":8},"end":{"line":108,"column":8}},{"start":{"line":108,"column":8},"end":{"line":108,"column":8}}]},"16":{"line":110,"type":"if","locations":[{"start":{"line":110,"column":8},"end":{"line":110,"column":8}},{"start":{"line":110,"column":8},"end":{"line":110,"column":8}}]},"17":{"line":124,"type":"binary-expr","locations":[{"start":{"line":124,"column":30},"end":{"line":124,"column":41}},{"start":{"line":124,"column":45},"end":{"line":124,"column":56}}]},"18":{"line":130,"type":"if","locations":[{"start":{"line":130,"column":8},"end":{"line":130,"column":8}},{"start":{"line":130,"column":8},"end":{"line":130,"column":8}}]},"19":{"line":150,"type":"if","locations":[{"start":{"line":150,"column":8},"end":{"line":150,"column":8}},{"start":{"line":150,"column":8},"end":{"line":150,"column":8}}]},"20":{"line":159,"type":"if","locations":[{"start":{"line":159,"column":8},"end":{"line":159,"column":8}},{"start":{"line":159,"column":8},"end":{"line":159,"column":8}}]},"21":{"line":159,"type":"binary-expr","locations":[{"start":{"line":159,"column":12},"end":{"line":159,"column":27}},{"start":{"line":159,"column":31},"end":{"line":159,"column":46}}]},"22":{"line":168,"type":"if","locations":[{"start":{"line":168,"column":6},"end":{"line":168,"column":6}},{"start":{"line":168,"column":6},"end":{"line":168,"column":6}}]},"23":{"line":168,"type":"binary-expr","locations":[{"start":{"line":168,"column":10},"end":{"line":168,"column":28}},{"start":{"line":168,"column":32},"end":{"line":168,"column":58}}]}},"code":["var AWS = require(\"aws-sdk\"),","    _ = require(\"lodash\"),","    async = require(\"async\"),","    Cac
[...]
403,"column":6},"end":{"line":403,"column":6}}]},"66":{"line":410,"type":"if","locations":[{"start":{"line":410,"column":6},"end":{"line":410,"column":6}},{"start":{"line":410,"column":6},"end":{"line":410,"column":6}}]},"67":{"line":410,"type":"binary-expr","locations":[{"start":{"line":410,"column":9},"end":{"line":410,"column":19}},{"start":{"line":410,"column":24},"end":{"line":410,"column":34}},{"start":{"line":410,"column":38},"end":{"line":410,"column":48}},{"start":{"line":410,"column":52},"end":{"line":410,"column":67}},{"start":{"line":410,"column":71},"end":{"line":410,"column":87}}]}},"code":["var AWS = require(\"aws-sdk\"),","    path = require(\"path\"),","    async = require(\"async\"),","    _ = require(\"lodash\"),","    fs = require(\"fs\"),","    crypto = require(\"crypto\"),","    zlib = require(\"zlib\"),","    CacheMgr = require(\"../cache-mgr\"),","    mime = require(\"mime\");","","module.exports = function(grunt) {","","  //s3 description","  var DESC = \"grunt-aws's s3 task for easy deploys\";","","  //s3 defaults","  var DEFAULTS = {","    access: 'public-read',","    concurrent: 20,","    cacheTTL: 60*60*1000,","    // deleteFirst: true,","    // deleteMatched: true,","    dryRun: false,","    gzip: true,","    cache: true,","    overwrite: true,","    createBucket: false,","    enableWeb: false,","    signatureVersion: 'v4'","  };","","  //Action taking place.","  var action = \"Put\"","","  //s3 task","  grunt.registerMultiTask(\"s3\", DESC, function() {","","    //normalize files array (force expand)","    var files = [];","    this.files.forEach(function(file) {","      var cwd = file.cwd || '';","      files = files.concat(file.src.map(function(src) {","        var s = path.join(cwd, src),","            d = (cwd||file.src.length>1) ? ((file.dest||'')+src) : file.dest || src;","        return {src: s, dest: d};","      }));","    });","","    //skip directories since there are only files on s3","    files = files.filter(function(file) {","      return !grunt.file.isDir(file.src);","    });","","    //mark as async","    var done = this.async();","    //get options","    var opts = this.options(DEFAULTS);","","    //checks","    if(!opts.bucket)","      grunt.fail.warn(\"No 'bucket' has been specified\");","","    //custom mime types","    if(typeof opts.mime === 'object')","      mime.define(opts.mime);","    if(typeof opts.mimeDefault === 'string')","      mime.default_type = opts.mimeDefault;","","    //whitelist allowed keys","    AWS.config.update(_.pick(opts,","      'accessKeyId',","      'secretAccessKey',","      'sessionToken',","      'region',","      'sslEnabled',","      'maxRetries',","      'httpOptions'","    ), true);","","    //s3 client","    var S3 = new AWS.S3({signatureVersion: opts.signatureVersion});","","    //dry run prefix","    var DRYRUN = opts.dryRun ? \"[DRYRUN] \" : \"\";","","    //retrieve cache for this bucket","    var cache = CacheMgr.get(opts.bucket);","","    if(!cache.options)","      cache.options = {};","    if(!cache.prefixes)","      cache.prefixes = {};","    if(!cache.files)","      cache.files = {};","","    //base object (lacks Body and Key)","    var baseObject = {","      ACL: opts.access,","      Bucket: opts.bucket","    };","","    //set gzip encoding","    if(opts.gzip)","      baseObject.ContentEncoding = 'gzip';","","    //use allowed headers","    if(typeof opts.headers === 'object')","      _.extend(baseObject, _.pick(","        opts.headers,","        //http://docs.aws.amazon.com/AWSJavaScriptSDK/latest/AWS/S3.html#putObject-property","        'ContentLength',","        'ContentType',","        'ContentDisposition',","        'ContentEncoding',","        'CacheControl',","        'Expires',","        'GrantFullControl',","        'GrantRead',","        'GrantReadACP',","        'GrantWriteACP',","        'ServerSideEncryption',","        'StorageClass',","        'WebsiteRedirectLocation'","      ));","","    //convert numbers and dates","    if(typeof baseObject.CacheControl === 'number')","      baseObject.CacheControl = \"max-age=\"+baseObject.CacheControl+\", public\";","    else if (typeof baseObject.CacheControl === 'object') {","      var val = baseObject.CacheControl,","          maxage = val.MaxAge || null,","          swr = val.StaleWhileRevalidate || null;","      if (!maxage) {","        grunt.fail.warn(\"max_age is required for Cache-Control header\");","      }","      if (swr) {","        baseObject.CacheControl = \"max-age=\"+maxage+\", stale-while-revalidate=\"+swr+\", public\";","      } else {","        baseObject.CacheControl = \"max-age=\"+maxage+\", public\";","      }","    }","","    if(baseObject.Expires instanceof Date)","      baseObject.Expires = baseObject.Expires.toUTCString();","","    //use meta data headers","    if(typeof opts.meta === 'object')","      baseObject.Metadata = opts.meta;","","    //calculate options hash","    var optionsHash = hash(JSON.stringify(baseObject), 'sha256');","    var currOptionsHash = cache.options[this.target];","","    //maintain stats","    var stats = { puts: 0, dels: 0, refreshed: false, newOptions: optionsHash !== currOptionsHash };","","    if(stats.newOptions)","      cache.options[this.target] = optionsHash;","","    var subtasks = [];","","    //create the bucket if it does not exist","    if(opts.createBucket)","      subtasks.push(createBucket);","","    //enable webhosting","    if(opts.enableWeb)","      subtasks.push(enableWebHosting);","","    if(!opts.cache && files.length)","      subtasks.push(getFileList);","","    if(files.length)","      subtasks.push(copyAllFiles);","","    //start!","    async.series(subtasks, taskComplete);","","    //------------------------------------------------","","    function createBucket(callback) {","      var params = {","        Bucket: opts.bucket,","        ACL: opts.access","      };","      if (opts.region && opts.region !== 'us-east-1')","          params.CreateBucketConfiguration = { LocationConstraint: opts.region };","      //check the bucket doesn't exist first","      S3.listBuckets(function(err, data){","        if(err) {","          err.message = 'createBucket:S3.listBuckets: ' + err.message;","          return callback(err);","        }","        var existingBucket = _.detect(data.Buckets, function(bucket){","          return opts.bucket === bucket.Name;","        });","        if(existingBucket){","          grunt.log.writeln('Existing bucket found.');","          callback();","        }else{","          grunt.log.writeln('Creating bucket ' + opts.bucket + '...');","          //create the bucket using the bucket, access and region options","          if (opts.dryRun) return callback();","          S3.createBucket(params, function(err, data){","            if(err) {","              err.message = 'createBucket:S3.listBuckets:S3.createBucket: ' + err.message;","              return callback(err);","            }","            grunt.log.writeln('New bucket\\'s location is: ' + data.Location);","            // Disable caching if bucket is newly created","            opts.cache = false;","            callback();","          });","        }","      });","    }","","    function enableWebHosting(callback) {","      var defaultWebOptions = {","        \"grunt-overwrite\": false,","        IndexDocument: { Suffix : 'index.html' }","      };","      var webOptions = _.isObject(opts.enableWeb) ? opts.enableWeb : defaultWebOptions;","","      S3.getBucketWebsite({ Bucket:opts.bucket }, function(err){","        if ((err && err.name === 'NoSuchWebsiteConfiguration') || webOptions[\"grunt-overwrite\"]){","          delete webOptions[\"grunt-overwrite\"];","          //opts.enableWeb can be the params for WebsiteRedirectLocation.","          //Otherwise, just set the index.html as default suffix","          grunt.log.writeln('Enabling website configuration on ' + opts.bucket + '...');","          if (opts.dryRun) return callback();","          S3.putBucketWebsite({","            Bucket: opts.bucket,","            WebsiteConfiguration: webOptions","          }, callback);","        } else {","          if(err){","            err.message = 'enableWebHosting:S3.getBucketWebsite: ' + err.message;","          }","          return callback(err);","        }","      });","    }","","    function getFileList(callback) {","      //calculate prefix","      var prefix = null, pindex = Infinity;","      files.forEach(function(file) {","        if(prefix === null) {","          prefix = file.dest;","          return;","        }","        var i = 0;","        while(i < prefix.length &&","              i < file.dest.length &&","              file.dest.charAt(i) === prefix.charAt(i)) i++;","        pindex = Math.min(i, pindex);","      });","      prefix = prefix.substr(0, pindex);","","      //get prefix's earliest refresh time","      var refreshedAt = 0;","      for(var p in cache.prefixes)","        if(prefix.indexOf(p) === 0)","          refreshedAt = Math.max(refreshedAt, cache.prefixes[p]);","","      //already have list","      if(cache.files &&","         refreshedAt &&","         opts.cacheTTL &&","         opts.cacheTTL > (Date.now() - refreshedAt)) {","        grunt.verbose.writeln(\"Using cached object list prefixed with '\" + prefix + \"'\");","        return callback();","      }","","      //fetch all objects, beginning with key ''","      fetchObjects('');","","      function fetchObjects(marker) {","        var msg = \"Retrieving list of existing objects\";","        msg += prefix ? \" prefixed with '\" + prefix + \"'\" : \"\";","        msg += marker ? (\" after '\" + marker + \"'\") : \"\";","        msg += \"...\";","        grunt.log.writeln(msg);","","        S3.listObjects({","          Bucket: opts.bucket,","          Marker: marker,","          Prefix: prefix","        }, function(err, objs) {","          if(err) {","            err.message = 'getFileList:fetchObjects:S3.listObjects: ' + err.message;","            return callback(err);","          }","","          //store results","          objs.Contents.forEach(function(obj) {","            cache.files[obj.Key] = JSON.parse(obj.ETag);","          });","          cache.prefixes[prefix] = Date.now();","          stats.refreshed = true;","","          if(objs.IsTruncated)","            fetchObjects(objs.Contents.pop().Key);","          else","            callback();","        });","      }","    }","","    function copyAllFiles(callback) {","      //asynchrously loop through all files","      async.eachLimit(files, opts.concurrent, getFile, callback);","    }","","    function getFile(file, callback) {","      //extract src and dest","      var src = file.src,","          contents = fs.readFileSync(src),","          dest = file.dest;","","      if(opts.gzip) {","        zlib.gzip(contents, function(err, compressed) {","          copyFile(src, compressed, dest, callback);","        });","      } else {","        copyFile(contents, contents, dest, callback);","      }","    }","","    function copyFile(src, contents, dest, callback) {","","      //skip existing files","      var etag = cache.files[dest];","      if(opts.cache &&","         !stats.newOptions &&","         etag && etag === hash(contents, 'md5')) {","        grunt.log.ok(DRYRUN + \"No change '\" + dest + \"'\");","        callback();","        return;","      }","","      if(!opts.overwrite && etag) {","        grunt.log.ok(DRYRUN + \"File already exists '\" + dest + \"'\");","        callback();","        return;","      }","","      //fake successful upload","      if(opts.dryRun)","        return putComplete();","","      //extend the base object","      var object = Object.create(baseObject);","      object.Key = dest;","","      if(!object.ContentType)","        object.ContentType = mime.lookup(dest);","","      // Set the charset, default text type mime types to UTF-8","      var charset = mime.charsets.lookup(object.ContentType, '') || opts.charset;","      if (charset) object.ContentType += '; charset=' + charset;","","      if (opts.copyFrom || opts.copyFile) {","        if (opts.copyFrom) {","          var copySource = src.split('/');","          copySource[0] =  opts.copyFrom;","          copySource = copySource.join('/');","        } else {","          copySource = opts.copyFile;","        }","        object.MetadataDirective  = \"REPLACE\";","        object.CopySource = copySource;","        action = \"Copy\";","        S3.copyObject(object, putComplete)","      } else {","        //upload!","        object.Body = contents;","        S3.putObject(object, putComplete);","      }","","      function putComplete(err, results) {","        if(err) {","          return callback(\"Put '\" + dest + \"' failed...\\n\" + err + \"\\n \");","        }","        grunt.log.ok(DRYRUN + action + \" '\" + dest + \"'\");","        if(!opts.dryRun)","          stats.puts++;","        if(results)","          cache.files[dest] = JSON.parse(results.ETag);","","        if(stats.puts % 5 == 0) {","          // Periodically update the cache","          CacheMgr.put(cache);","        }","","        callback();","      }","","    }","","    function taskComplete(err) {","      if(err) {","        grunt.fail.warn(err);","        return done(false);","      }","","      //all done","      grunt.log.ok(action + \" \" + stats.puts + \" files\");","      if(opts.cache && (stats.puts || stats.dels || stats.refreshed || stats.newOptions))","        CacheMgr.put(cache);","      done(err);","    }","  });","};","","//helper functions","function hash(buff, algo) {","  var h = crypto.createHash(algo);","  h.update(buff);","  return h.digest('hex');","}",""],"l":{"1":1,"11":1,"14":0,"17":0,"33":0,"36":0,"39":0,"40":0,"41":0,"42":0,"43":0,"45":0,"50":0,"51":0,"55":0,"57":0,"60":0,"61":0,"64":0,"65":0,"66":0,"67":0,"70":0,"81":0,"84":0,"87":0,"89":0,"90":0,"91":0,"92":0,"93":0,"94":0,"97":0,"103":0,"104":0,"107":0,"108":0,"127":0,"128":0,"129":0,"130":0,"133":0,"134":0,"136":0,"137":0,"139":0,"143":0,"144":0,"147":0,"148":0,"151":0,"152":0,"155":0,"157":0,"158":0,"160":0,"163":0,"164":0,"167":0,"168":0,"170":0,"171":0,"173":0,"174":0,"177":0,"181":1,"182":0,"186":0,"187":0,"189":0,"190":0,"191":0,"192":0,"194":0,"195":0,"197":0,"198":0,"199":0,"201":0,"203":0,"204":0,"205":0,"206":0,"207":0,"209":0,"211":0,"212":0,"218":1,"219":0,"223":0,"225":0,"226":0,"227":0,"230":0,"231":0,"232":0,"237":0,"238":0,"240":0,"245":1,"247":0,"248":0,"249":0,"250":0,"251":0,"253":0,"254":0,"256":0,"257":0,"259":0,"262":0,"263":0,"264":0,"265":0,"268":0,"272":0,"273":0,"277":0,"279":1,"280":0,"281":0,"282":0,"283":0,"284":0,"286":0,"291":0,"292":0,"293":0,"297":0,"298":0,"300":0,"301":0,"303":0,"304":0,"306":0,"311":1,"313":0,"316":1,"318":0,"322":0,"323":0,"324":0,"327":0,"331":1,"334":0,"335":0,"338":0,"339":0,"340":0,"343":0,"344":0,"345":0,"346":0,"350":0,"351":0,"354":0,"355":0,"357":0,"358":0,"361":0,"362":0,"364":0,"365":0,"366":0,"367":0,"368":0,"370":0,"372":0,"373":0,"374":0,"375":0,"378":0,"379":0,"382":1,"383":0,"384":0,"386":0,"387":0,"388":0,"389":0,"390":0,"392":0,"394":0,"397":0,"402":1,"403":0,"404":0,"405":0,"409":0,"410":0,"411":0,"412":0,"418":1,"419":0,"420":0,"421":0}},"/home/travis/build/npmtest/node-npmtest-grunt-aws/node_modules/grunt-aws/tasks/services/sns.js":{"path":"/home/travis/build/npmtest/node-npmtest-grunt-aws/node_modules/grunt-aws/tasks/services/sns.js","s":{"1":1,"2":1,"3":0,"4":0,"5":0,"6":0,"7":0,"8":0,"9":0,"10":0,"11":0,"12":0,"13":0,"14":0,"15":0,"16":0,"17":1,"18":0,"19":0,"20":0,"21":0,"22":0,"23":0},"b":{"1":[0,0],"2":[0,0],"3":[0,0],"4":[0,0]},"f":{"1":0,"2":0,"3":0,"4":0},"fnMap":{"1":{"name":"(anonymous_1)","line":5,"loc":{"start":{"line":5,"column":17},"end":{"line":5,"column":33}}},"2":{"name":"(anonymous_2)","line":14,"loc":{"start":{"line":14,"column":34},"end":{"line":14,"column":45}}},"3":{"name":"publishTopic","line":46,"loc":{"start":{"line":46,"column":4},"end":{"line":46,"column":36}}},"4":{"name":"(anonymous_4)","line":52,"loc":{"start":{"line":52,"column":26},"end":{"line":52,"column":46}}}},"statementMap":{"1":{"start":{"line":1,"column":0},"end":{"line":3,"column":29}},"2":{"start":{"line":5,"column":0},"end":{"line":61,"column":2}},"3":{"start":{"line":8,"column":2},"end":{"line":8,"column":31}},"4":{"start":{"line":11,"column":2},"end":{"line":11,"column":20}},"5":{"start":{"line":14,"column":2},"end":{"line":58,"column":5}},"6":{"start":{"line":17,"column":4},"end":{"line":17,"column":38}},"7":{"start":{"line":19,"column":4},"end":{"line":20,"column":49}},"8":{"start":{"line":20,"column":6},"end":{"line":20,"column":49}},"9":{"start":{"line":22,"column":4},"end":{"line":23,"column":50}},"10":{"start":{"line":23,"column":6},"end":{"line":23,"column":50}},"11":{"start":{"line":25,"column":4},"end":{"line":26,"column":50}},"12":{"start":{"line":26,"column":6},"end":{"line":26,"column":50}},"13":{"start":{"line":29,"column":4},"end":{"line":29,"column":28}},"14":{"start":{"line":32,"column":4},"end":{"line":36,"column":13}},"15":{"start":{"line":39,"column":4},"end":{"line":39,"column":28}},"16":{"start":{"line":42,"column":4},"end":{"line":42,"column":23}},"17":{"start":{"line":46,"column":4},"end":{"line":57,"column":5}},"18":{"start":{"line":47,"column":6},"end":{"line":51,"column":8}},"19":{"start":{"line":52,"column":6},"end":{"line":56,"column":9}},"20":{"start":{"line":53,"column":8},"end":{"line":54,"column":31}},"21":{"start":{"line":53,"column":17},"end":{"line":53,"column":45}},"22":{"start":{"line":54,"column":13},"end":{"line":54,"column":31}},"23":{"start":{"line":55,"column":8},"end":{"line":55,"column":22}}},"branchMap":{"1":{"line":19,"type":"if","locations":[{"start":{"line":19,"column":4},"end":{"line":19,"column":4}},{"start":{"line":19,"column":4},"end":{"line":19,"column":4}}]},"2":{"line":22,"type":"if","locations":[{"start":{"line":22,"column":4},"end":{"line":22,"column":4}},{"start":{"line":22,"column":4},"end":{"line":22,"column":4}}]},"3":{"line":25,"type":"if","locations":[{"start":{"line":25,"column":4},"end":{"line":25,"column":4}},{"start":{"line":25,"column":4},"end":{"line":25,"column":4}}]},"4":{"line":53,"type":"if","locations":[{"start":{"line":53,"column":8},"end":{"line":53,"column":8}},{"start":{"line":53,"column":8},"end":{"line":53,"column":8}}]}},"code":["var AWS = require(\"aws-sdk\"),","    _ = require(\"lodash\"),","    async = require(\"async\");","","module.exports = function(grunt) {","","  //sns description","  var DESC = \"grunt-aws's sns\";","","  //sns defaults (none at the moment)","  var DEFAULTS = {};","","  //sns task","  grunt.registerTask(\"sns\", DESC, function() {","","    //get options","    var opts = this.options(DEFAULTS);","","    if(_.isEmpty(opts.target))","      return grunt.log.ok(\"No target specified\");","","    if(_.isEmpty(opts.message))","      return grunt.log.ok(\"No message specified\");","","    if(_.isEmpty(opts.subject))","      return grunt.log.ok(\"No subject specified\");","","    //mark as async","    var done = this.async();","","    //whitelist allowed keys","    AWS.config.update(_.pick(opts,","      'accessKeyId',","      'secretAccessKey',","      'region'","    ), true);","","    //sns client","    var sns = new AWS.SNS();","","    //create records defined in opts.invalidations","    publishTopic(done);","","    //------------------------------------------------","","    function publishTopic(callback) {","      var params = {","        TargetArn: opts.target,","        Message: opts.message,","        Subject: opts.subject","      };","      sns.publish(params, function(err, data) {","        if (err) console.log(err, err.stack);","        else console.log(data);","        callback(err);","      });","    }","  });","","","};",""],"l":{"1":1,"5":1,"8":0,"11":0,"14":0,"17":0,"19":0,"20":0,"22":0,"23":0,"25":0,"26":0,"29":0,"32":0,"39":0,"42":0,"46":1,"47":0,"52":0,"53":0,"54":0,"55":0}}}